2024-06-29T08:05:51.474+02:00  INFO 28568 --- [eanservice] [main] c.m.e.controller.AuthControllerTest      : Starting AuthControllerTest using Java 17.0.11 with PID 28568 (started by angel in C:\Workspaces\Workspace VSC\prueba-tecnica-mercadona\eanservice)
2024-06-29T08:05:51.480+02:00 DEBUG 28568 --- [eanservice] [main] c.m.e.controller.AuthControllerTest      : Running with Spring Boot v3.3.1, Spring v6.1.10
2024-06-29T08:05:51.480+02:00  INFO 28568 --- [eanservice] [main] c.m.e.controller.AuthControllerTest      : No active profile set, falling back to 1 default profile: "default"
2024-06-29T08:05:52.238+02:00  INFO 28568 --- [eanservice] [main] .s.d.r.c.RepositoryConfigurationDelegate : Bootstrapping Spring Data JPA repositories in DEFAULT mode.
2024-06-29T08:05:52.280+02:00  INFO 28568 --- [eanservice] [main] .s.d.r.c.RepositoryConfigurationDelegate : Finished Spring Data repository scanning in 35 ms. Found 3 JPA repository interfaces.
2024-06-29T08:05:54.361+02:00  INFO 28568 --- [eanservice] [main] com.zaxxer.hikari.HikariDataSource       : HikariPool-1 - Starting...
2024-06-29T08:05:54.560+02:00  INFO 28568 --- [eanservice] [main] com.zaxxer.hikari.pool.HikariPool        : HikariPool-1 - Added connection conn0: url=jdbc:h2:mem:testdb user=SA
2024-06-29T08:05:54.563+02:00  INFO 28568 --- [eanservice] [main] com.zaxxer.hikari.HikariDataSource       : HikariPool-1 - Start completed.
2024-06-29T08:05:54.587+02:00  INFO 28568 --- [eanservice] [main] o.f.c.i.resource.ResourceNameValidator   : 1 SQL migrations were detected but not run because they did not follow the filename convention.
2024-06-29T08:05:54.587+02:00  INFO 28568 --- [eanservice] [main] o.f.c.i.resource.ResourceNameValidator   : Set 'validateMigrationNaming' to true to fail fast and see a list of the invalid file names.
2024-06-29T08:05:54.625+02:00  INFO 28568 --- [eanservice] [main] org.flywaydb.core.FlywayExecutor         : Database: jdbc:h2:mem:testdb (H2 2.2)
2024-06-29T08:05:54.647+02:00  INFO 28568 --- [eanservice] [main] o.f.c.i.s.JdbcTableSchemaHistory         : Schema history table "PUBLIC"."flyway_schema_history" does not exist yet
2024-06-29T08:05:54.649+02:00  INFO 28568 --- [eanservice] [main] o.f.core.internal.command.DbValidate     : Successfully validated 0 migrations (execution time 00:00.006s)
2024-06-29T08:05:54.649+02:00  WARN 28568 --- [eanservice] [main] o.f.core.internal.command.DbValidate     : No migrations found. Are your locations set up correctly?
2024-06-29T08:05:54.658+02:00  INFO 28568 --- [eanservice] [main] o.f.c.i.s.JdbcTableSchemaHistory         : Creating Schema History table "PUBLIC"."flyway_schema_history" ...
2024-06-29T08:05:54.712+02:00  INFO 28568 --- [eanservice] [main] o.f.core.internal.command.DbMigrate      : Current version of schema "PUBLIC": << Empty Schema >>
2024-06-29T08:05:54.715+02:00  INFO 28568 --- [eanservice] [main] o.f.core.internal.command.DbMigrate      : Schema "PUBLIC" is up to date. No migration necessary.
2024-06-29T08:05:54.805+02:00  INFO 28568 --- [eanservice] [main] o.hibernate.jpa.internal.util.LogHelper  : HHH000204: Processing PersistenceUnitInfo [name: default]
2024-06-29T08:05:54.884+02:00  INFO 28568 --- [eanservice] [main] org.hibernate.Version                    : HHH000412: Hibernate ORM core version 7.0.0.Alpha3
2024-06-29T08:05:55.101+02:00  INFO 28568 --- [eanservice] [main] o.s.o.j.p.SpringPersistenceUnitInfo      : No LoadTimeWeaver setup: ignoring JPA class transformer
2024-06-29T08:05:55.398+02:00  WARN 28568 --- [eanservice] [main] org.hibernate.orm.deprecation            : HHH90000025: H2Dialect does not need to be specified explicitly using 'hibernate.dialect' (remove the property setting and it will be selected by default)
2024-06-29T08:05:56.397+02:00  INFO 28568 --- [eanservice] [main] o.h.e.t.j.p.i.JtaPlatformInitiator       : HHH000489: No JTA platform available (set 'hibernate.transaction.jta.platform' to enable JTA platform integration)
2024-06-29T08:05:56.438+02:00  INFO 28568 --- [eanservice] [main] j.LocalContainerEntityManagerFactoryBean : Initialized JPA EntityManagerFactory for persistence unit 'default'
2024-06-29T08:05:57.101+02:00  WARN 28568 --- [eanservice] [main] JpaBaseConfiguration$JpaWebConfiguration : spring.jpa.open-in-view is enabled by default. Therefore, database queries may be performed during view rendering. Explicitly configure spring.jpa.open-in-view to disable this warning
2024-06-29T08:05:57.134+02:00  WARN 28568 --- [eanservice] [main] r$InitializeUserDetailsManagerConfigurer : Found 2 UserDetailsService beans, with names [userServiceImpl, userDetailsService]. Global Authentication Manager will not use a UserDetailsService for username/password login. Consider publishing a single UserDetailsService bean.
2024-06-29T08:05:57.135+02:00 DEBUG 28568 --- [eanservice] [main] swordEncoderAuthenticationManagerBuilder : No authenticationProviders and no parentAuthenticationManager defined. Returning null.
2024-06-29T08:05:57.516+02:00 DEBUG 28568 --- [eanservice] [main] o.s.s.web.DefaultSecurityFilterChain     : Will secure any request with filters: DisableEncodeUrlFilter, WebAsyncManagerIntegrationFilter, SecurityContextHolderFilter, HeaderWriterFilter, CorsFilter, LogoutFilter, JwtAuthenticationFilter, RequestCacheAwareFilter, SecurityContextHolderAwareRequestFilter, AnonymousAuthenticationFilter, SessionManagementFilter, ExceptionTranslationFilter, AuthorizationFilter
2024-06-29T08:05:57.960+02:00  INFO 28568 --- [eanservice] [main] o.s.b.a.h2.H2ConsoleAutoConfiguration    : H2 console available at '/h2-console'. Database available at 'jdbc:h2:mem:testdb'
2024-06-29T08:05:58.023+02:00 DEBUG 28568 --- [eanservice] [main] c.m.e.security.JwtAuthenticationFilter   : Filter 'jwtAuthenticationFilter' configured for use
2024-06-29T08:05:58.024+02:00  INFO 28568 --- [eanservice] [main] o.s.b.t.m.w.SpringBootMockServletContext : Initializing Spring TestDispatcherServlet ''
2024-06-29T08:05:58.024+02:00  INFO 28568 --- [eanservice] [main] o.s.t.web.servlet.TestDispatcherServlet  : Initializing Servlet ''
2024-06-29T08:05:58.025+02:00  INFO 28568 --- [eanservice] [main] o.s.t.web.servlet.TestDispatcherServlet  : Completed initialization in 1 ms
2024-06-29T08:05:58.069+02:00  INFO 28568 --- [eanservice] [main] c.m.e.controller.AuthControllerTest      : Started AuthControllerTest in 6.914 seconds (process running for 8.136)
2024-06-29T08:05:58.140+02:00  INFO 28568 --- [eanservice] [main] o.s.mock.web.MockServletContext          : Initializing Spring TestDispatcherServlet ''
2024-06-29T08:05:58.141+02:00  INFO 28568 --- [eanservice] [main] o.s.t.web.servlet.TestDispatcherServlet  : Initializing Servlet ''
2024-06-29T08:05:58.141+02:00  INFO 28568 --- [eanservice] [main] o.s.t.web.servlet.TestDispatcherServlet  : Completed initialization in 0 ms
2024-06-29T08:05:58.252+02:00  INFO 28568 --- [eanservice] [SpringApplicationShutdownHook] j.LocalContainerEntityManagerFactoryBean : Closing JPA EntityManagerFactory for persistence unit 'default'
2024-06-29T08:05:58.254+02:00  INFO 28568 --- [eanservice] [SpringApplicationShutdownHook] com.zaxxer.hikari.HikariDataSource       : HikariPool-1 - Shutdown initiated...
2024-06-29T08:05:58.256+02:00  INFO 28568 --- [eanservice] [SpringApplicationShutdownHook] com.zaxxer.hikari.HikariDataSource       : HikariPool-1 - Shutdown completed.
2024-06-29T08:06:04.190+02:00  INFO 25752 --- [eanservice] [main] c.m.e.controller.AuthControllerTest      : Starting AuthControllerTest using Java 17.0.11 with PID 25752 (started by angel in C:\Workspaces\Workspace VSC\prueba-tecnica-mercadona\eanservice)
2024-06-29T08:06:04.191+02:00 DEBUG 25752 --- [eanservice] [main] c.m.e.controller.AuthControllerTest      : Running with Spring Boot v3.3.1, Spring v6.1.10
2024-06-29T08:06:04.192+02:00  INFO 25752 --- [eanservice] [main] c.m.e.controller.AuthControllerTest      : No active profile set, falling back to 1 default profile: "default"
2024-06-29T08:06:04.812+02:00  INFO 25752 --- [eanservice] [main] .s.d.r.c.RepositoryConfigurationDelegate : Bootstrapping Spring Data JPA repositories in DEFAULT mode.
2024-06-29T08:06:04.861+02:00  INFO 25752 --- [eanservice] [main] .s.d.r.c.RepositoryConfigurationDelegate : Finished Spring Data repository scanning in 39 ms. Found 3 JPA repository interfaces.
2024-06-29T08:06:06.946+02:00  INFO 25752 --- [eanservice] [main] com.zaxxer.hikari.HikariDataSource       : HikariPool-1 - Starting...
2024-06-29T08:06:07.147+02:00  INFO 25752 --- [eanservice] [main] com.zaxxer.hikari.pool.HikariPool        : HikariPool-1 - Added connection conn0: url=jdbc:h2:mem:testdb user=SA
2024-06-29T08:06:07.148+02:00  INFO 25752 --- [eanservice] [main] com.zaxxer.hikari.HikariDataSource       : HikariPool-1 - Start completed.
2024-06-29T08:06:07.171+02:00  INFO 25752 --- [eanservice] [main] o.f.c.i.resource.ResourceNameValidator   : 1 SQL migrations were detected but not run because they did not follow the filename convention.
2024-06-29T08:06:07.171+02:00  INFO 25752 --- [eanservice] [main] o.f.c.i.resource.ResourceNameValidator   : Set 'validateMigrationNaming' to true to fail fast and see a list of the invalid file names.
2024-06-29T08:06:07.210+02:00  INFO 25752 --- [eanservice] [main] org.flywaydb.core.FlywayExecutor         : Database: jdbc:h2:mem:testdb (H2 2.2)
2024-06-29T08:06:07.237+02:00  INFO 25752 --- [eanservice] [main] o.f.c.i.s.JdbcTableSchemaHistory         : Schema history table "PUBLIC"."flyway_schema_history" does not exist yet
2024-06-29T08:06:07.239+02:00  INFO 25752 --- [eanservice] [main] o.f.core.internal.command.DbValidate     : Successfully validated 0 migrations (execution time 00:00.006s)
2024-06-29T08:06:07.239+02:00  WARN 25752 --- [eanservice] [main] o.f.core.internal.command.DbValidate     : No migrations found. Are your locations set up correctly?
2024-06-29T08:06:07.249+02:00  INFO 25752 --- [eanservice] [main] o.f.c.i.s.JdbcTableSchemaHistory         : Creating Schema History table "PUBLIC"."flyway_schema_history" ...
2024-06-29T08:06:07.304+02:00  INFO 25752 --- [eanservice] [main] o.f.core.internal.command.DbMigrate      : Current version of schema "PUBLIC": << Empty Schema >>
2024-06-29T08:06:07.309+02:00  INFO 25752 --- [eanservice] [main] o.f.core.internal.command.DbMigrate      : Schema "PUBLIC" is up to date. No migration necessary.
2024-06-29T08:06:07.416+02:00  INFO 25752 --- [eanservice] [main] o.hibernate.jpa.internal.util.LogHelper  : HHH000204: Processing PersistenceUnitInfo [name: default]
2024-06-29T08:06:07.491+02:00  INFO 25752 --- [eanservice] [main] org.hibernate.Version                    : HHH000412: Hibernate ORM core version 7.0.0.Alpha3
2024-06-29T08:06:07.685+02:00  INFO 25752 --- [eanservice] [main] o.s.o.j.p.SpringPersistenceUnitInfo      : No LoadTimeWeaver setup: ignoring JPA class transformer
2024-06-29T08:06:07.978+02:00  WARN 25752 --- [eanservice] [main] org.hibernate.orm.deprecation            : HHH90000025: H2Dialect does not need to be specified explicitly using 'hibernate.dialect' (remove the property setting and it will be selected by default)
2024-06-29T08:06:09.251+02:00  INFO 25752 --- [eanservice] [main] o.h.e.t.j.p.i.JtaPlatformInitiator       : HHH000489: No JTA platform available (set 'hibernate.transaction.jta.platform' to enable JTA platform integration)
2024-06-29T08:06:09.305+02:00  INFO 25752 --- [eanservice] [main] j.LocalContainerEntityManagerFactoryBean : Initialized JPA EntityManagerFactory for persistence unit 'default'
2024-06-29T08:06:09.967+02:00  WARN 25752 --- [eanservice] [main] JpaBaseConfiguration$JpaWebConfiguration : spring.jpa.open-in-view is enabled by default. Therefore, database queries may be performed during view rendering. Explicitly configure spring.jpa.open-in-view to disable this warning
2024-06-29T08:06:10.000+02:00  WARN 25752 --- [eanservice] [main] r$InitializeUserDetailsManagerConfigurer : Found 2 UserDetailsService beans, with names [userServiceImpl, userDetailsService]. Global Authentication Manager will not use a UserDetailsService for username/password login. Consider publishing a single UserDetailsService bean.
2024-06-29T08:06:10.000+02:00 DEBUG 25752 --- [eanservice] [main] swordEncoderAuthenticationManagerBuilder : No authenticationProviders and no parentAuthenticationManager defined. Returning null.
2024-06-29T08:06:10.337+02:00 DEBUG 25752 --- [eanservice] [main] o.s.s.web.DefaultSecurityFilterChain     : Will secure any request with filters: DisableEncodeUrlFilter, WebAsyncManagerIntegrationFilter, SecurityContextHolderFilter, HeaderWriterFilter, CorsFilter, LogoutFilter, JwtAuthenticationFilter, RequestCacheAwareFilter, SecurityContextHolderAwareRequestFilter, AnonymousAuthenticationFilter, SessionManagementFilter, ExceptionTranslationFilter, AuthorizationFilter
2024-06-29T08:06:10.798+02:00  INFO 25752 --- [eanservice] [main] o.s.b.a.h2.H2ConsoleAutoConfiguration    : H2 console available at '/h2-console'. Database available at 'jdbc:h2:mem:testdb'
2024-06-29T08:06:10.895+02:00 DEBUG 25752 --- [eanservice] [main] c.m.e.security.JwtAuthenticationFilter   : Filter 'jwtAuthenticationFilter' configured for use
2024-06-29T08:06:10.896+02:00  INFO 25752 --- [eanservice] [main] o.s.b.t.m.w.SpringBootMockServletContext : Initializing Spring TestDispatcherServlet ''
2024-06-29T08:06:10.896+02:00  INFO 25752 --- [eanservice] [main] o.s.t.web.servlet.TestDispatcherServlet  : Initializing Servlet ''
2024-06-29T08:06:10.898+02:00  INFO 25752 --- [eanservice] [main] o.s.t.web.servlet.TestDispatcherServlet  : Completed initialization in 1 ms
2024-06-29T08:06:10.944+02:00  INFO 25752 --- [eanservice] [main] c.m.e.controller.AuthControllerTest      : Started AuthControllerTest in 7.079 seconds (process running for 8.065)
2024-06-29T08:06:11.037+02:00  INFO 25752 --- [eanservice] [main] o.s.mock.web.MockServletContext          : Initializing Spring TestDispatcherServlet ''
2024-06-29T08:06:11.037+02:00  INFO 25752 --- [eanservice] [main] o.s.t.web.servlet.TestDispatcherServlet  : Initializing Servlet ''
2024-06-29T08:06:11.038+02:00  INFO 25752 --- [eanservice] [main] o.s.t.web.servlet.TestDispatcherServlet  : Completed initialization in 1 ms
2024-06-29T08:06:11.208+02:00  INFO 25752 --- [eanservice] [SpringApplicationShutdownHook] j.LocalContainerEntityManagerFactoryBean : Closing JPA EntityManagerFactory for persistence unit 'default'
2024-06-29T08:06:11.211+02:00  INFO 25752 --- [eanservice] [SpringApplicationShutdownHook] com.zaxxer.hikari.HikariDataSource       : HikariPool-1 - Shutdown initiated...
2024-06-29T08:06:11.214+02:00  INFO 25752 --- [eanservice] [SpringApplicationShutdownHook] com.zaxxer.hikari.HikariDataSource       : HikariPool-1 - Shutdown completed.
2024-06-29T08:30:23.316+02:00  INFO 19080 --- [eanservice] [main] c.m.e.controller.AuthControllerTest      : Starting AuthControllerTest using Java 17.0.11 with PID 19080 (started by angel in C:\Workspaces\Workspace VSC\prueba-tecnica-mercadona\eanservice)
2024-06-29T08:30:23.318+02:00 DEBUG 19080 --- [eanservice] [main] c.m.e.controller.AuthControllerTest      : Running with Spring Boot v3.3.1, Spring v6.1.10
2024-06-29T08:30:23.319+02:00  INFO 19080 --- [eanservice] [main] c.m.e.controller.AuthControllerTest      : No active profile set, falling back to 1 default profile: "default"
2024-06-29T08:30:24.033+02:00  INFO 19080 --- [eanservice] [main] .s.d.r.c.RepositoryConfigurationDelegate : Bootstrapping Spring Data JPA repositories in DEFAULT mode.
2024-06-29T08:30:24.086+02:00  INFO 19080 --- [eanservice] [main] .s.d.r.c.RepositoryConfigurationDelegate : Finished Spring Data repository scanning in 43 ms. Found 3 JPA repository interfaces.
2024-06-29T08:30:26.237+02:00  INFO 19080 --- [eanservice] [main] com.zaxxer.hikari.HikariDataSource       : HikariPool-1 - Starting...
2024-06-29T08:30:26.444+02:00  INFO 19080 --- [eanservice] [main] com.zaxxer.hikari.pool.HikariPool        : HikariPool-1 - Added connection conn0: url=jdbc:h2:mem:testdb user=SA
2024-06-29T08:30:26.446+02:00  INFO 19080 --- [eanservice] [main] com.zaxxer.hikari.HikariDataSource       : HikariPool-1 - Start completed.
2024-06-29T08:30:26.467+02:00  INFO 19080 --- [eanservice] [main] o.f.c.i.resource.ResourceNameValidator   : 1 SQL migrations were detected but not run because they did not follow the filename convention.
2024-06-29T08:30:26.468+02:00  INFO 19080 --- [eanservice] [main] o.f.c.i.resource.ResourceNameValidator   : Set 'validateMigrationNaming' to true to fail fast and see a list of the invalid file names.
2024-06-29T08:30:26.513+02:00  INFO 19080 --- [eanservice] [main] org.flywaydb.core.FlywayExecutor         : Database: jdbc:h2:mem:testdb (H2 2.2)
2024-06-29T08:30:26.535+02:00  INFO 19080 --- [eanservice] [main] o.f.c.i.s.JdbcTableSchemaHistory         : Schema history table "PUBLIC"."flyway_schema_history" does not exist yet
2024-06-29T08:30:26.537+02:00  INFO 19080 --- [eanservice] [main] o.f.core.internal.command.DbValidate     : Successfully validated 0 migrations (execution time 00:00.007s)
2024-06-29T08:30:26.538+02:00  WARN 19080 --- [eanservice] [main] o.f.core.internal.command.DbValidate     : No migrations found. Are your locations set up correctly?
2024-06-29T08:30:26.547+02:00  INFO 19080 --- [eanservice] [main] o.f.c.i.s.JdbcTableSchemaHistory         : Creating Schema History table "PUBLIC"."flyway_schema_history" ...
2024-06-29T08:30:26.602+02:00  INFO 19080 --- [eanservice] [main] o.f.core.internal.command.DbMigrate      : Current version of schema "PUBLIC": << Empty Schema >>
2024-06-29T08:30:26.606+02:00  INFO 19080 --- [eanservice] [main] o.f.core.internal.command.DbMigrate      : Schema "PUBLIC" is up to date. No migration necessary.
2024-06-29T08:30:26.695+02:00  INFO 19080 --- [eanservice] [main] o.hibernate.jpa.internal.util.LogHelper  : HHH000204: Processing PersistenceUnitInfo [name: default]
2024-06-29T08:30:26.774+02:00  INFO 19080 --- [eanservice] [main] org.hibernate.Version                    : HHH000412: Hibernate ORM core version 7.0.0.Alpha3
2024-06-29T08:30:26.992+02:00  INFO 19080 --- [eanservice] [main] o.s.o.j.p.SpringPersistenceUnitInfo      : No LoadTimeWeaver setup: ignoring JPA class transformer
2024-06-29T08:30:27.309+02:00  WARN 19080 --- [eanservice] [main] org.hibernate.orm.deprecation            : HHH90000025: H2Dialect does not need to be specified explicitly using 'hibernate.dialect' (remove the property setting and it will be selected by default)
2024-06-29T08:30:28.417+02:00  INFO 19080 --- [eanservice] [main] o.h.e.t.j.p.i.JtaPlatformInitiator       : HHH000489: No JTA platform available (set 'hibernate.transaction.jta.platform' to enable JTA platform integration)
2024-06-29T08:30:28.462+02:00  INFO 19080 --- [eanservice] [main] j.LocalContainerEntityManagerFactoryBean : Initialized JPA EntityManagerFactory for persistence unit 'default'
2024-06-29T08:30:29.089+02:00  WARN 19080 --- [eanservice] [main] JpaBaseConfiguration$JpaWebConfiguration : spring.jpa.open-in-view is enabled by default. Therefore, database queries may be performed during view rendering. Explicitly configure spring.jpa.open-in-view to disable this warning
2024-06-29T08:30:29.105+02:00  WARN 19080 --- [eanservice] [main] r$InitializeUserDetailsManagerConfigurer : Found 2 UserDetailsService beans, with names [userServiceImpl, userDetailsService]. Global Authentication Manager will not use a UserDetailsService for username/password login. Consider publishing a single UserDetailsService bean.
2024-06-29T08:30:29.105+02:00 DEBUG 19080 --- [eanservice] [main] swordEncoderAuthenticationManagerBuilder : No authenticationProviders and no parentAuthenticationManager defined. Returning null.
2024-06-29T08:30:29.453+02:00 DEBUG 19080 --- [eanservice] [main] o.s.s.web.DefaultSecurityFilterChain     : Will secure any request with filters: DisableEncodeUrlFilter, WebAsyncManagerIntegrationFilter, SecurityContextHolderFilter, HeaderWriterFilter, CorsFilter, LogoutFilter, JwtAuthenticationFilter, RequestCacheAwareFilter, SecurityContextHolderAwareRequestFilter, AnonymousAuthenticationFilter, SessionManagementFilter, ExceptionTranslationFilter, AuthorizationFilter
2024-06-29T08:30:29.838+02:00  INFO 19080 --- [eanservice] [main] o.s.b.a.h2.H2ConsoleAutoConfiguration    : H2 console available at '/h2-console'. Database available at 'jdbc:h2:mem:testdb'
2024-06-29T08:30:29.895+02:00 DEBUG 19080 --- [eanservice] [main] c.m.e.security.JwtAuthenticationFilter   : Filter 'jwtAuthenticationFilter' configured for use
2024-06-29T08:30:29.896+02:00  INFO 19080 --- [eanservice] [main] o.s.b.t.m.w.SpringBootMockServletContext : Initializing Spring TestDispatcherServlet ''
2024-06-29T08:30:29.896+02:00  INFO 19080 --- [eanservice] [main] o.s.t.web.servlet.TestDispatcherServlet  : Initializing Servlet ''
2024-06-29T08:30:29.897+02:00  INFO 19080 --- [eanservice] [main] o.s.t.web.servlet.TestDispatcherServlet  : Completed initialization in 1 ms
2024-06-29T08:30:29.935+02:00  INFO 19080 --- [eanservice] [main] c.m.e.controller.AuthControllerTest      : Started AuthControllerTest in 6.999 seconds (process running for 8.047)
2024-06-29T08:30:30.015+02:00  INFO 19080 --- [eanservice] [main] o.s.mock.web.MockServletContext          : Initializing Spring TestDispatcherServlet ''
2024-06-29T08:30:30.015+02:00  INFO 19080 --- [eanservice] [main] o.s.t.web.servlet.TestDispatcherServlet  : Initializing Servlet ''
2024-06-29T08:30:30.016+02:00  INFO 19080 --- [eanservice] [main] o.s.t.web.servlet.TestDispatcherServlet  : Completed initialization in 0 ms
2024-06-29T08:30:30.150+02:00  INFO 19080 --- [eanservice] [main] o.s.mock.web.MockServletContext          : Initializing Spring TestDispatcherServlet ''
2024-06-29T08:30:30.150+02:00  INFO 19080 --- [eanservice] [main] o.s.t.web.servlet.TestDispatcherServlet  : Initializing Servlet ''
2024-06-29T08:30:30.150+02:00  INFO 19080 --- [eanservice] [main] o.s.t.web.servlet.TestDispatcherServlet  : Completed initialization in 0 ms
2024-06-29T08:30:30.206+02:00  INFO 19080 --- [eanservice] [SpringApplicationShutdownHook] j.LocalContainerEntityManagerFactoryBean : Closing JPA EntityManagerFactory for persistence unit 'default'
2024-06-29T08:30:30.208+02:00  INFO 19080 --- [eanservice] [SpringApplicationShutdownHook] com.zaxxer.hikari.HikariDataSource       : HikariPool-1 - Shutdown initiated...
2024-06-29T08:30:30.230+02:00  INFO 19080 --- [eanservice] [SpringApplicationShutdownHook] com.zaxxer.hikari.HikariDataSource       : HikariPool-1 - Shutdown completed.
