2024-06-29T07:52:16.612+02:00  WARN 1688 --- [eanservice] [HikariPool-1 housekeeper] com.zaxxer.hikari.pool.HikariPool        : HikariPool-1 - Thread starvation or clock leap detected (housekeeper delta=5h32m6s797ms811µs400ns).
2024-06-29T07:59:40.803+02:00  INFO 20848 --- [eanservice] [main] c.m.eanservice.EanserviceApplication     : Starting EanserviceApplication using Java 17.0.11 with PID 20848 (C:\Workspaces\Workspace VSC\prueba-tecnica-mercadona\eanservice\target\classes started by angel in C:\Workspaces\Workspace VSC\prueba-tecnica-mercadona)
2024-06-29T07:59:40.805+02:00 DEBUG 20848 --- [eanservice] [main] c.m.eanservice.EanserviceApplication     : Running with Spring Boot v3.3.1, Spring v6.1.10
2024-06-29T07:59:40.806+02:00  INFO 20848 --- [eanservice] [main] c.m.eanservice.EanserviceApplication     : No active profile set, falling back to 1 default profile: "default"
2024-06-29T07:59:41.802+02:00  INFO 20848 --- [eanservice] [main] .s.d.r.c.RepositoryConfigurationDelegate : Bootstrapping Spring Data JPA repositories in DEFAULT mode.
2024-06-29T07:59:41.858+02:00  INFO 20848 --- [eanservice] [main] .s.d.r.c.RepositoryConfigurationDelegate : Finished Spring Data repository scanning in 47 ms. Found 3 JPA repository interfaces.
2024-06-29T07:59:42.918+02:00  INFO 20848 --- [eanservice] [main] o.s.b.w.embedded.tomcat.TomcatWebServer  : Tomcat initialized with port 8080 (http)
2024-06-29T07:59:42.935+02:00  INFO 20848 --- [eanservice] [main] o.apache.catalina.core.StandardService   : Starting service [Tomcat]
2024-06-29T07:59:42.936+02:00  INFO 20848 --- [eanservice] [main] o.apache.catalina.core.StandardEngine    : Starting Servlet engine: [Apache Tomcat/10.1.25]
2024-06-29T07:59:43.046+02:00  INFO 20848 --- [eanservice] [main] o.a.c.c.C.[Tomcat].[localhost].[/]       : Initializing Spring embedded WebApplicationContext
2024-06-29T07:59:43.047+02:00  INFO 20848 --- [eanservice] [main] w.s.c.ServletWebServerApplicationContext : Root WebApplicationContext: initialization completed in 2153 ms
2024-06-29T07:59:43.089+02:00  INFO 20848 --- [eanservice] [main] com.zaxxer.hikari.HikariDataSource       : HikariPool-1 - Starting...
2024-06-29T07:59:43.348+02:00  INFO 20848 --- [eanservice] [main] com.zaxxer.hikari.pool.HikariPool        : HikariPool-1 - Added connection conn0: url=jdbc:h2:mem:testdb user=SA
2024-06-29T07:59:43.350+02:00  INFO 20848 --- [eanservice] [main] com.zaxxer.hikari.HikariDataSource       : HikariPool-1 - Start completed.
2024-06-29T07:59:43.363+02:00  INFO 20848 --- [eanservice] [main] o.s.b.a.h2.H2ConsoleAutoConfiguration    : H2 console available at '/h2-console'. Database available at 'jdbc:h2:mem:testdb'
2024-06-29T07:59:43.457+02:00 DEBUG 20848 --- [eanservice] [main] c.m.e.security.JwtAuthenticationFilter   : Filter 'jwtAuthenticationFilter' configured for use
2024-06-29T07:59:43.696+02:00  INFO 20848 --- [eanservice] [main] o.f.c.i.resource.ResourceNameValidator   : 1 SQL migrations were detected but not run because they did not follow the filename convention.
2024-06-29T07:59:43.696+02:00  INFO 20848 --- [eanservice] [main] o.f.c.i.resource.ResourceNameValidator   : Set 'validateMigrationNaming' to true to fail fast and see a list of the invalid file names.
2024-06-29T07:59:43.739+02:00  INFO 20848 --- [eanservice] [main] org.flywaydb.core.FlywayExecutor         : Database: jdbc:h2:mem:testdb (H2 2.2)
2024-06-29T07:59:43.764+02:00  INFO 20848 --- [eanservice] [main] o.f.c.i.s.JdbcTableSchemaHistory         : Schema history table "PUBLIC"."flyway_schema_history" does not exist yet
2024-06-29T07:59:43.766+02:00  INFO 20848 --- [eanservice] [main] o.f.core.internal.command.DbValidate     : Successfully validated 0 migrations (execution time 00:00.007s)
2024-06-29T07:59:43.767+02:00  WARN 20848 --- [eanservice] [main] o.f.core.internal.command.DbValidate     : No migrations found. Are your locations set up correctly?
2024-06-29T07:59:43.775+02:00  INFO 20848 --- [eanservice] [main] o.f.c.i.s.JdbcTableSchemaHistory         : Creating Schema History table "PUBLIC"."flyway_schema_history" ...
2024-06-29T07:59:43.823+02:00  INFO 20848 --- [eanservice] [main] o.f.core.internal.command.DbMigrate      : Current version of schema "PUBLIC": << Empty Schema >>
2024-06-29T07:59:43.827+02:00  INFO 20848 --- [eanservice] [main] o.f.core.internal.command.DbMigrate      : Schema "PUBLIC" is up to date. No migration necessary.
2024-06-29T07:59:43.916+02:00  INFO 20848 --- [eanservice] [main] o.hibernate.jpa.internal.util.LogHelper  : HHH000204: Processing PersistenceUnitInfo [name: default]
2024-06-29T07:59:43.999+02:00  INFO 20848 --- [eanservice] [main] org.hibernate.Version                    : HHH000412: Hibernate ORM core version 7.0.0.Alpha3
2024-06-29T07:59:44.402+02:00  INFO 20848 --- [eanservice] [main] o.s.o.j.p.SpringPersistenceUnitInfo      : No LoadTimeWeaver setup: ignoring JPA class transformer
2024-06-29T07:59:44.681+02:00  WARN 20848 --- [eanservice] [main] org.hibernate.orm.deprecation            : HHH90000025: H2Dialect does not need to be specified explicitly using 'hibernate.dialect' (remove the property setting and it will be selected by default)
2024-06-29T07:59:45.954+02:00  INFO 20848 --- [eanservice] [main] o.h.e.t.j.p.i.JtaPlatformInitiator       : HHH000489: No JTA platform available (set 'hibernate.transaction.jta.platform' to enable JTA platform integration)
2024-06-29T07:59:46.002+02:00  INFO 20848 --- [eanservice] [main] j.LocalContainerEntityManagerFactoryBean : Initialized JPA EntityManagerFactory for persistence unit 'default'
2024-06-29T07:59:46.040+02:00  WARN 20848 --- [eanservice] [main] r$InitializeUserDetailsManagerConfigurer : Found 2 UserDetailsService beans, with names [userServiceImpl, userDetailsService]. Global Authentication Manager will not use a UserDetailsService for username/password login. Consider publishing a single UserDetailsService bean.
2024-06-29T07:59:46.041+02:00 DEBUG 20848 --- [eanservice] [main] swordEncoderAuthenticationManagerBuilder : No authenticationProviders and no parentAuthenticationManager defined. Returning null.
2024-06-29T07:59:46.588+02:00  WARN 20848 --- [eanservice] [main] JpaBaseConfiguration$JpaWebConfiguration : spring.jpa.open-in-view is enabled by default. Therefore, database queries may be performed during view rendering. Explicitly configure spring.jpa.open-in-view to disable this warning
2024-06-29T07:59:46.917+02:00 DEBUG 20848 --- [eanservice] [main] o.s.s.web.DefaultSecurityFilterChain     : Will secure any request with filters: DisableEncodeUrlFilter, WebAsyncManagerIntegrationFilter, SecurityContextHolderFilter, HeaderWriterFilter, CorsFilter, LogoutFilter, JwtAuthenticationFilter, RequestCacheAwareFilter, SecurityContextHolderAwareRequestFilter, AnonymousAuthenticationFilter, SessionManagementFilter, ExceptionTranslationFilter, AuthorizationFilter
2024-06-29T07:59:47.285+02:00  INFO 20848 --- [eanservice] [main] o.s.b.w.embedded.tomcat.TomcatWebServer  : Tomcat started on port 8080 (http) with context path '/'
2024-06-29T07:59:47.294+02:00  INFO 20848 --- [eanservice] [main] c.m.eanservice.EanserviceApplication     : Started EanserviceApplication in 6.952 seconds (process running for 9.944)
2024-06-29T07:59:52.120+02:00  INFO 20848 --- [eanservice] [http-nio-8080-exec-1] o.a.c.c.C.[Tomcat].[localhost].[/]       : Initializing Spring DispatcherServlet 'dispatcherServlet'
2024-06-29T07:59:52.120+02:00  INFO 20848 --- [eanservice] [http-nio-8080-exec-1] o.s.web.servlet.DispatcherServlet        : Initializing Servlet 'dispatcherServlet'
2024-06-29T07:59:52.122+02:00  INFO 20848 --- [eanservice] [http-nio-8080-exec-1] o.s.web.servlet.DispatcherServlet        : Completed initialization in 1 ms
2024-06-29T07:59:52.139+02:00 DEBUG 20848 --- [eanservice] [http-nio-8080-exec-1] o.s.security.web.FilterChainProxy        : Securing POST /api/auth/login
2024-06-29T07:59:52.146+02:00 DEBUG 20848 --- [eanservice] [http-nio-8080-exec-1] o.s.s.w.a.AnonymousAuthenticationFilter  : Set SecurityContextHolder to anonymous SecurityContext
2024-06-29T07:59:52.147+02:00 DEBUG 20848 --- [eanservice] [http-nio-8080-exec-1] o.s.s.w.session.SessionManagementFilter  : Request requested invalid session id 26EB90AC999AEC4A6A67993F51CEB17A
2024-06-29T07:59:52.149+02:00 DEBUG 20848 --- [eanservice] [http-nio-8080-exec-1] o.s.security.web.FilterChainProxy        : Secured POST /api/auth/login
2024-06-29T08:06:45.465+02:00 DEBUG 20848 --- [eanservice] [http-nio-8080-exec-3] o.s.security.web.FilterChainProxy        : Securing POST /auth/login
2024-06-29T08:06:45.466+02:00 DEBUG 20848 --- [eanservice] [http-nio-8080-exec-3] o.s.s.w.a.AnonymousAuthenticationFilter  : Set SecurityContextHolder to anonymous SecurityContext
2024-06-29T08:06:45.467+02:00 DEBUG 20848 --- [eanservice] [http-nio-8080-exec-3] o.s.s.w.a.Http403ForbiddenEntryPoint     : Pre-authenticated entry point called. Rejecting access
2024-06-29T08:06:45.472+02:00 DEBUG 20848 --- [eanservice] [http-nio-8080-exec-3] o.s.security.web.FilterChainProxy        : Securing POST /error
2024-06-29T08:06:45.472+02:00 DEBUG 20848 --- [eanservice] [http-nio-8080-exec-3] o.s.s.w.a.AnonymousAuthenticationFilter  : Set SecurityContextHolder to anonymous SecurityContext
2024-06-29T08:06:45.473+02:00 DEBUG 20848 --- [eanservice] [http-nio-8080-exec-3] o.s.s.w.a.Http403ForbiddenEntryPoint     : Pre-authenticated entry point called. Rejecting access
2024-06-29T08:07:05.119+02:00 DEBUG 20848 --- [eanservice] [http-nio-8080-exec-4] o.s.security.web.FilterChainProxy        : Securing POST /auth/login
2024-06-29T08:07:05.120+02:00 DEBUG 20848 --- [eanservice] [http-nio-8080-exec-4] o.s.s.w.a.AnonymousAuthenticationFilter  : Set SecurityContextHolder to anonymous SecurityContext
2024-06-29T08:07:05.121+02:00 DEBUG 20848 --- [eanservice] [http-nio-8080-exec-4] o.s.s.w.a.Http403ForbiddenEntryPoint     : Pre-authenticated entry point called. Rejecting access
2024-06-29T08:07:05.121+02:00 DEBUG 20848 --- [eanservice] [http-nio-8080-exec-4] o.s.security.web.FilterChainProxy        : Securing POST /error
2024-06-29T08:07:05.122+02:00 DEBUG 20848 --- [eanservice] [http-nio-8080-exec-4] o.s.s.w.a.AnonymousAuthenticationFilter  : Set SecurityContextHolder to anonymous SecurityContext
2024-06-29T08:07:05.122+02:00 DEBUG 20848 --- [eanservice] [http-nio-8080-exec-4] o.s.s.w.a.Http403ForbiddenEntryPoint     : Pre-authenticated entry point called. Rejecting access
2024-06-29T08:07:16.272+02:00 DEBUG 20848 --- [eanservice] [http-nio-8080-exec-5] o.s.security.web.FilterChainProxy        : Securing POST /api/auth/login
2024-06-29T08:07:16.273+02:00 DEBUG 20848 --- [eanservice] [http-nio-8080-exec-5] o.s.s.w.a.AnonymousAuthenticationFilter  : Set SecurityContextHolder to anonymous SecurityContext
2024-06-29T08:07:16.274+02:00 DEBUG 20848 --- [eanservice] [http-nio-8080-exec-5] o.s.security.web.FilterChainProxy        : Secured POST /api/auth/login
2024-06-29T08:19:20.899+02:00  INFO 15828 --- [eanservice] [main] c.m.eanservice.EanserviceApplication     : Starting EanserviceApplication using Java 17.0.11 with PID 15828 (C:\Workspaces\Workspace VSC\prueba-tecnica-mercadona\eanservice\target\classes started by angel in C:\Workspaces\Workspace VSC\prueba-tecnica-mercadona)
2024-06-29T08:19:20.902+02:00 DEBUG 15828 --- [eanservice] [main] c.m.eanservice.EanserviceApplication     : Running with Spring Boot v3.3.1, Spring v6.1.10
2024-06-29T08:19:20.903+02:00  INFO 15828 --- [eanservice] [main] c.m.eanservice.EanserviceApplication     : No active profile set, falling back to 1 default profile: "default"
2024-06-29T08:19:21.661+02:00  INFO 15828 --- [eanservice] [main] .s.d.r.c.RepositoryConfigurationDelegate : Bootstrapping Spring Data JPA repositories in DEFAULT mode.
2024-06-29T08:19:21.717+02:00  INFO 15828 --- [eanservice] [main] .s.d.r.c.RepositoryConfigurationDelegate : Finished Spring Data repository scanning in 46 ms. Found 3 JPA repository interfaces.
2024-06-29T08:19:22.824+02:00  INFO 15828 --- [eanservice] [main] o.s.b.w.embedded.tomcat.TomcatWebServer  : Tomcat initialized with port 8080 (http)
2024-06-29T08:19:22.838+02:00  INFO 15828 --- [eanservice] [main] o.apache.catalina.core.StandardService   : Starting service [Tomcat]
2024-06-29T08:19:22.838+02:00  INFO 15828 --- [eanservice] [main] o.apache.catalina.core.StandardEngine    : Starting Servlet engine: [Apache Tomcat/10.1.25]
2024-06-29T08:19:22.918+02:00  INFO 15828 --- [eanservice] [main] o.a.c.c.C.[Tomcat].[localhost].[/]       : Initializing Spring embedded WebApplicationContext
2024-06-29T08:19:22.919+02:00  INFO 15828 --- [eanservice] [main] w.s.c.ServletWebServerApplicationContext : Root WebApplicationContext: initialization completed in 1951 ms
2024-06-29T08:19:22.958+02:00  INFO 15828 --- [eanservice] [main] com.zaxxer.hikari.HikariDataSource       : HikariPool-1 - Starting...
2024-06-29T08:19:23.139+02:00  INFO 15828 --- [eanservice] [main] com.zaxxer.hikari.pool.HikariPool        : HikariPool-1 - Added connection conn0: url=jdbc:h2:mem:testdb user=SA
2024-06-29T08:19:23.150+02:00  INFO 15828 --- [eanservice] [main] com.zaxxer.hikari.HikariDataSource       : HikariPool-1 - Start completed.
2024-06-29T08:19:23.162+02:00  INFO 15828 --- [eanservice] [main] o.s.b.a.h2.H2ConsoleAutoConfiguration    : H2 console available at '/h2-console'. Database available at 'jdbc:h2:mem:testdb'
2024-06-29T08:19:23.235+02:00 DEBUG 15828 --- [eanservice] [main] c.m.e.security.JwtAuthenticationFilter   : Filter 'jwtAuthenticationFilter' configured for use
2024-06-29T08:19:23.417+02:00  INFO 15828 --- [eanservice] [main] o.f.c.i.resource.ResourceNameValidator   : 1 SQL migrations were detected but not run because they did not follow the filename convention.
2024-06-29T08:19:23.417+02:00  INFO 15828 --- [eanservice] [main] o.f.c.i.resource.ResourceNameValidator   : Set 'validateMigrationNaming' to true to fail fast and see a list of the invalid file names.
2024-06-29T08:19:23.454+02:00  INFO 15828 --- [eanservice] [main] org.flywaydb.core.FlywayExecutor         : Database: jdbc:h2:mem:testdb (H2 2.2)
2024-06-29T08:19:23.473+02:00  INFO 15828 --- [eanservice] [main] o.f.c.i.s.JdbcTableSchemaHistory         : Schema history table "PUBLIC"."flyway_schema_history" does not exist yet
2024-06-29T08:19:23.475+02:00  INFO 15828 --- [eanservice] [main] o.f.core.internal.command.DbValidate     : Successfully validated 0 migrations (execution time 00:00.006s)
2024-06-29T08:19:23.476+02:00  WARN 15828 --- [eanservice] [main] o.f.core.internal.command.DbValidate     : No migrations found. Are your locations set up correctly?
2024-06-29T08:19:23.482+02:00  INFO 15828 --- [eanservice] [main] o.f.c.i.s.JdbcTableSchemaHistory         : Creating Schema History table "PUBLIC"."flyway_schema_history" ...
2024-06-29T08:19:23.532+02:00  INFO 15828 --- [eanservice] [main] o.f.core.internal.command.DbMigrate      : Current version of schema "PUBLIC": << Empty Schema >>
2024-06-29T08:19:23.539+02:00  INFO 15828 --- [eanservice] [main] o.f.core.internal.command.DbMigrate      : Schema "PUBLIC" is up to date. No migration necessary.
2024-06-29T08:19:23.639+02:00  INFO 15828 --- [eanservice] [main] o.hibernate.jpa.internal.util.LogHelper  : HHH000204: Processing PersistenceUnitInfo [name: default]
2024-06-29T08:19:23.719+02:00  INFO 15828 --- [eanservice] [main] org.hibernate.Version                    : HHH000412: Hibernate ORM core version 7.0.0.Alpha3
2024-06-29T08:19:24.095+02:00  INFO 15828 --- [eanservice] [main] o.s.o.j.p.SpringPersistenceUnitInfo      : No LoadTimeWeaver setup: ignoring JPA class transformer
2024-06-29T08:19:24.376+02:00  WARN 15828 --- [eanservice] [main] org.hibernate.orm.deprecation            : HHH90000025: H2Dialect does not need to be specified explicitly using 'hibernate.dialect' (remove the property setting and it will be selected by default)
2024-06-29T08:19:25.413+02:00  INFO 15828 --- [eanservice] [main] o.h.e.t.j.p.i.JtaPlatformInitiator       : HHH000489: No JTA platform available (set 'hibernate.transaction.jta.platform' to enable JTA platform integration)
2024-06-29T08:19:25.452+02:00  INFO 15828 --- [eanservice] [main] j.LocalContainerEntityManagerFactoryBean : Initialized JPA EntityManagerFactory for persistence unit 'default'
2024-06-29T08:19:25.489+02:00  WARN 15828 --- [eanservice] [main] r$InitializeUserDetailsManagerConfigurer : Found 2 UserDetailsService beans, with names [userServiceImpl, userDetailsService]. Global Authentication Manager will not use a UserDetailsService for username/password login. Consider publishing a single UserDetailsService bean.
2024-06-29T08:19:25.490+02:00 DEBUG 15828 --- [eanservice] [main] swordEncoderAuthenticationManagerBuilder : No authenticationProviders and no parentAuthenticationManager defined. Returning null.
2024-06-29T08:19:25.977+02:00  WARN 15828 --- [eanservice] [main] JpaBaseConfiguration$JpaWebConfiguration : spring.jpa.open-in-view is enabled by default. Therefore, database queries may be performed during view rendering. Explicitly configure spring.jpa.open-in-view to disable this warning
2024-06-29T08:19:26.297+02:00 DEBUG 15828 --- [eanservice] [main] o.s.s.web.DefaultSecurityFilterChain     : Will secure any request with filters: DisableEncodeUrlFilter, WebAsyncManagerIntegrationFilter, SecurityContextHolderFilter, HeaderWriterFilter, CorsFilter, LogoutFilter, JwtAuthenticationFilter, RequestCacheAwareFilter, SecurityContextHolderAwareRequestFilter, AnonymousAuthenticationFilter, SessionManagementFilter, ExceptionTranslationFilter, AuthorizationFilter
2024-06-29T08:19:26.635+02:00  INFO 15828 --- [eanservice] [main] o.s.b.w.embedded.tomcat.TomcatWebServer  : Tomcat started on port 8080 (http) with context path '/'
2024-06-29T08:19:26.644+02:00  INFO 15828 --- [eanservice] [main] c.m.eanservice.EanserviceApplication     : Started EanserviceApplication in 6.234 seconds (process running for 6.781)
2024-06-29T08:19:29.973+02:00  INFO 15828 --- [eanservice] [http-nio-8080-exec-2] o.a.c.c.C.[Tomcat].[localhost].[/]       : Initializing Spring DispatcherServlet 'dispatcherServlet'
2024-06-29T08:19:29.974+02:00  INFO 15828 --- [eanservice] [http-nio-8080-exec-2] o.s.web.servlet.DispatcherServlet        : Initializing Servlet 'dispatcherServlet'
2024-06-29T08:19:29.975+02:00  INFO 15828 --- [eanservice] [http-nio-8080-exec-2] o.s.web.servlet.DispatcherServlet        : Completed initialization in 1 ms
2024-06-29T08:19:29.992+02:00 DEBUG 15828 --- [eanservice] [http-nio-8080-exec-2] o.s.security.web.FilterChainProxy        : Securing POST /api/auth/login
2024-06-29T08:19:29.999+02:00 DEBUG 15828 --- [eanservice] [http-nio-8080-exec-2] o.s.s.w.a.AnonymousAuthenticationFilter  : Set SecurityContextHolder to anonymous SecurityContext
2024-06-29T08:19:30.002+02:00 DEBUG 15828 --- [eanservice] [http-nio-8080-exec-2] o.s.security.web.FilterChainProxy        : Secured POST /api/auth/login
2024-06-29T08:19:33.469+02:00 DEBUG 15828 --- [eanservice] [http-nio-8080-exec-3] o.s.security.web.FilterChainProxy        : Securing POST /api/auth/login
2024-06-29T08:19:33.470+02:00 DEBUG 15828 --- [eanservice] [http-nio-8080-exec-3] o.s.s.w.a.AnonymousAuthenticationFilter  : Set SecurityContextHolder to anonymous SecurityContext
2024-06-29T08:19:33.471+02:00 DEBUG 15828 --- [eanservice] [http-nio-8080-exec-3] o.s.security.web.FilterChainProxy        : Secured POST /api/auth/login
2024-06-29T08:20:50.593+02:00 DEBUG 15828 --- [eanservice] [http-nio-8080-exec-6] o.s.security.web.FilterChainProxy        : Securing POST /api/auth/login
2024-06-29T08:20:50.595+02:00 DEBUG 15828 --- [eanservice] [http-nio-8080-exec-6] o.s.s.w.a.AnonymousAuthenticationFilter  : Set SecurityContextHolder to anonymous SecurityContext
2024-06-29T08:20:50.595+02:00 DEBUG 15828 --- [eanservice] [http-nio-8080-exec-6] o.s.security.web.FilterChainProxy        : Secured POST /api/auth/login
2024-06-29T08:29:08.772+02:00  INFO 20416 --- [eanservice] [main] c.m.eanservice.EanserviceApplication     : Starting EanserviceApplication using Java 17.0.11 with PID 20416 (C:\Workspaces\Workspace VSC\prueba-tecnica-mercadona\eanservice\target\classes started by angel in C:\Workspaces\Workspace VSC\prueba-tecnica-mercadona)
2024-06-29T08:29:08.774+02:00 DEBUG 20416 --- [eanservice] [main] c.m.eanservice.EanserviceApplication     : Running with Spring Boot v3.3.1, Spring v6.1.10
2024-06-29T08:29:08.775+02:00  INFO 20416 --- [eanservice] [main] c.m.eanservice.EanserviceApplication     : No active profile set, falling back to 1 default profile: "default"
2024-06-29T08:29:09.577+02:00  INFO 20416 --- [eanservice] [main] .s.d.r.c.RepositoryConfigurationDelegate : Bootstrapping Spring Data JPA repositories in DEFAULT mode.
2024-06-29T08:29:09.641+02:00  INFO 20416 --- [eanservice] [main] .s.d.r.c.RepositoryConfigurationDelegate : Finished Spring Data repository scanning in 52 ms. Found 3 JPA repository interfaces.
2024-06-29T08:29:10.758+02:00  INFO 20416 --- [eanservice] [main] o.s.b.w.embedded.tomcat.TomcatWebServer  : Tomcat initialized with port 8080 (http)
2024-06-29T08:29:10.770+02:00  INFO 20416 --- [eanservice] [main] o.apache.catalina.core.StandardService   : Starting service [Tomcat]
2024-06-29T08:29:10.770+02:00  INFO 20416 --- [eanservice] [main] o.apache.catalina.core.StandardEngine    : Starting Servlet engine: [Apache Tomcat/10.1.25]
2024-06-29T08:29:10.856+02:00  INFO 20416 --- [eanservice] [main] o.a.c.c.C.[Tomcat].[localhost].[/]       : Initializing Spring embedded WebApplicationContext
2024-06-29T08:29:10.857+02:00  INFO 20416 --- [eanservice] [main] w.s.c.ServletWebServerApplicationContext : Root WebApplicationContext: initialization completed in 2013 ms
2024-06-29T08:29:10.895+02:00  INFO 20416 --- [eanservice] [main] com.zaxxer.hikari.HikariDataSource       : HikariPool-1 - Starting...
2024-06-29T08:29:11.102+02:00  INFO 20416 --- [eanservice] [main] com.zaxxer.hikari.pool.HikariPool        : HikariPool-1 - Added connection conn0: url=jdbc:h2:mem:testdb user=SA
2024-06-29T08:29:11.105+02:00  INFO 20416 --- [eanservice] [main] com.zaxxer.hikari.HikariDataSource       : HikariPool-1 - Start completed.
2024-06-29T08:29:11.117+02:00  INFO 20416 --- [eanservice] [main] o.s.b.a.h2.H2ConsoleAutoConfiguration    : H2 console available at '/h2-console'. Database available at 'jdbc:h2:mem:testdb'
2024-06-29T08:29:11.193+02:00 DEBUG 20416 --- [eanservice] [main] c.m.e.security.JwtAuthenticationFilter   : Filter 'jwtAuthenticationFilter' configured for use
2024-06-29T08:29:11.381+02:00  INFO 20416 --- [eanservice] [main] o.f.c.i.resource.ResourceNameValidator   : 1 SQL migrations were detected but not run because they did not follow the filename convention.
2024-06-29T08:29:11.381+02:00  INFO 20416 --- [eanservice] [main] o.f.c.i.resource.ResourceNameValidator   : Set 'validateMigrationNaming' to true to fail fast and see a list of the invalid file names.
2024-06-29T08:29:11.417+02:00  INFO 20416 --- [eanservice] [main] org.flywaydb.core.FlywayExecutor         : Database: jdbc:h2:mem:testdb (H2 2.2)
2024-06-29T08:29:11.440+02:00  INFO 20416 --- [eanservice] [main] o.f.c.i.s.JdbcTableSchemaHistory         : Schema history table "PUBLIC"."flyway_schema_history" does not exist yet
2024-06-29T08:29:11.442+02:00  INFO 20416 --- [eanservice] [main] o.f.core.internal.command.DbValidate     : Successfully validated 0 migrations (execution time 00:00.008s)
2024-06-29T08:29:11.443+02:00  WARN 20416 --- [eanservice] [main] o.f.core.internal.command.DbValidate     : No migrations found. Are your locations set up correctly?
2024-06-29T08:29:11.451+02:00  INFO 20416 --- [eanservice] [main] o.f.c.i.s.JdbcTableSchemaHistory         : Creating Schema History table "PUBLIC"."flyway_schema_history" ...
2024-06-29T08:29:11.504+02:00  INFO 20416 --- [eanservice] [main] o.f.core.internal.command.DbMigrate      : Current version of schema "PUBLIC": << Empty Schema >>
2024-06-29T08:29:11.508+02:00  INFO 20416 --- [eanservice] [main] o.f.core.internal.command.DbMigrate      : Schema "PUBLIC" is up to date. No migration necessary.
2024-06-29T08:29:11.581+02:00  INFO 20416 --- [eanservice] [main] o.hibernate.jpa.internal.util.LogHelper  : HHH000204: Processing PersistenceUnitInfo [name: default]
2024-06-29T08:29:11.642+02:00  INFO 20416 --- [eanservice] [main] org.hibernate.Version                    : HHH000412: Hibernate ORM core version 7.0.0.Alpha3
2024-06-29T08:29:12.009+02:00  INFO 20416 --- [eanservice] [main] o.s.o.j.p.SpringPersistenceUnitInfo      : No LoadTimeWeaver setup: ignoring JPA class transformer
2024-06-29T08:29:12.270+02:00  WARN 20416 --- [eanservice] [main] org.hibernate.orm.deprecation            : HHH90000025: H2Dialect does not need to be specified explicitly using 'hibernate.dialect' (remove the property setting and it will be selected by default)
2024-06-29T08:29:13.269+02:00  INFO 20416 --- [eanservice] [main] o.h.e.t.j.p.i.JtaPlatformInitiator       : HHH000489: No JTA platform available (set 'hibernate.transaction.jta.platform' to enable JTA platform integration)
2024-06-29T08:29:13.305+02:00  INFO 20416 --- [eanservice] [main] j.LocalContainerEntityManagerFactoryBean : Initialized JPA EntityManagerFactory for persistence unit 'default'
2024-06-29T08:29:13.322+02:00  WARN 20416 --- [eanservice] [main] ConfigServletWebServerApplicationContext : Exception encountered during context initialization - cancelling refresh attempt: org.springframework.beans.factory.UnsatisfiedDependencyException: Error creating bean with name 'authController': Unsatisfied dependency expressed through field 'authenticationManager': No qualifying bean of type 'org.springframework.security.authentication.AuthenticationManager' available: expected at least 1 bean which qualifies as autowire candidate. Dependency annotations: {@org.springframework.beans.factory.annotation.Autowired(required=true)}
2024-06-29T08:29:13.323+02:00  INFO 20416 --- [eanservice] [main] j.LocalContainerEntityManagerFactoryBean : Closing JPA EntityManagerFactory for persistence unit 'default'
2024-06-29T08:29:13.326+02:00  INFO 20416 --- [eanservice] [main] com.zaxxer.hikari.HikariDataSource       : HikariPool-1 - Shutdown initiated...
2024-06-29T08:29:13.329+02:00  INFO 20416 --- [eanservice] [main] com.zaxxer.hikari.HikariDataSource       : HikariPool-1 - Shutdown completed.
2024-06-29T08:29:13.333+02:00  INFO 20416 --- [eanservice] [main] o.apache.catalina.core.StandardService   : Stopping service [Tomcat]
2024-06-29T08:29:13.347+02:00  INFO 20416 --- [eanservice] [main] .s.b.a.l.ConditionEvaluationReportLogger : 

Error starting ApplicationContext. To display the condition evaluation report re-run your application with 'debug' enabled.
2024-06-29T08:29:13.374+02:00 ERROR 20416 --- [eanservice] [main] o.s.b.d.LoggingFailureAnalysisReporter   : 

***************************
APPLICATION FAILED TO START
***************************

Description:

Field authenticationManager in com.mercadona.eanservice.controller.AuthController required a bean of type 'org.springframework.security.authentication.AuthenticationManager' that could not be found.

The injection point has the following annotations:
	- @org.springframework.beans.factory.annotation.Autowired(required=true)


Action:

Consider defining a bean of type 'org.springframework.security.authentication.AuthenticationManager' in your configuration.

2024-06-29T08:29:25.547+02:00  INFO 6504 --- [eanservice] [main] c.m.eanservice.EanserviceApplication     : Starting EanserviceApplication using Java 17.0.11 with PID 6504 (C:\Workspaces\Workspace VSC\prueba-tecnica-mercadona\eanservice\target\classes started by angel in C:\Workspaces\Workspace VSC\prueba-tecnica-mercadona)
2024-06-29T08:29:25.549+02:00 DEBUG 6504 --- [eanservice] [main] c.m.eanservice.EanserviceApplication     : Running with Spring Boot v3.3.1, Spring v6.1.10
2024-06-29T08:29:25.550+02:00  INFO 6504 --- [eanservice] [main] c.m.eanservice.EanserviceApplication     : No active profile set, falling back to 1 default profile: "default"
2024-06-29T08:29:26.342+02:00  INFO 6504 --- [eanservice] [main] .s.d.r.c.RepositoryConfigurationDelegate : Bootstrapping Spring Data JPA repositories in DEFAULT mode.
2024-06-29T08:29:26.404+02:00  INFO 6504 --- [eanservice] [main] .s.d.r.c.RepositoryConfigurationDelegate : Finished Spring Data repository scanning in 52 ms. Found 3 JPA repository interfaces.
2024-06-29T08:29:27.466+02:00  INFO 6504 --- [eanservice] [main] o.s.b.w.embedded.tomcat.TomcatWebServer  : Tomcat initialized with port 8080 (http)
2024-06-29T08:29:27.481+02:00  INFO 6504 --- [eanservice] [main] o.apache.catalina.core.StandardService   : Starting service [Tomcat]
2024-06-29T08:29:27.482+02:00  INFO 6504 --- [eanservice] [main] o.apache.catalina.core.StandardEngine    : Starting Servlet engine: [Apache Tomcat/10.1.25]
2024-06-29T08:29:27.566+02:00  INFO 6504 --- [eanservice] [main] o.a.c.c.C.[Tomcat].[localhost].[/]       : Initializing Spring embedded WebApplicationContext
2024-06-29T08:29:27.567+02:00  INFO 6504 --- [eanservice] [main] w.s.c.ServletWebServerApplicationContext : Root WebApplicationContext: initialization completed in 1958 ms
2024-06-29T08:29:27.603+02:00  INFO 6504 --- [eanservice] [main] com.zaxxer.hikari.HikariDataSource       : HikariPool-1 - Starting...
2024-06-29T08:29:27.805+02:00  INFO 6504 --- [eanservice] [main] com.zaxxer.hikari.pool.HikariPool        : HikariPool-1 - Added connection conn0: url=jdbc:h2:mem:testdb user=SA
2024-06-29T08:29:27.808+02:00  INFO 6504 --- [eanservice] [main] com.zaxxer.hikari.HikariDataSource       : HikariPool-1 - Start completed.
2024-06-29T08:29:27.823+02:00  INFO 6504 --- [eanservice] [main] o.s.b.a.h2.H2ConsoleAutoConfiguration    : H2 console available at '/h2-console'. Database available at 'jdbc:h2:mem:testdb'
2024-06-29T08:29:27.914+02:00 DEBUG 6504 --- [eanservice] [main] c.m.e.security.JwtAuthenticationFilter   : Filter 'jwtAuthenticationFilter' configured for use
2024-06-29T08:29:28.128+02:00  INFO 6504 --- [eanservice] [main] o.f.c.i.resource.ResourceNameValidator   : 1 SQL migrations were detected but not run because they did not follow the filename convention.
2024-06-29T08:29:28.129+02:00  INFO 6504 --- [eanservice] [main] o.f.c.i.resource.ResourceNameValidator   : Set 'validateMigrationNaming' to true to fail fast and see a list of the invalid file names.
2024-06-29T08:29:28.164+02:00  INFO 6504 --- [eanservice] [main] org.flywaydb.core.FlywayExecutor         : Database: jdbc:h2:mem:testdb (H2 2.2)
2024-06-29T08:29:28.186+02:00  INFO 6504 --- [eanservice] [main] o.f.c.i.s.JdbcTableSchemaHistory         : Schema history table "PUBLIC"."flyway_schema_history" does not exist yet
2024-06-29T08:29:28.189+02:00  INFO 6504 --- [eanservice] [main] o.f.core.internal.command.DbValidate     : Successfully validated 0 migrations (execution time 00:00.008s)
2024-06-29T08:29:28.189+02:00  WARN 6504 --- [eanservice] [main] o.f.core.internal.command.DbValidate     : No migrations found. Are your locations set up correctly?
2024-06-29T08:29:28.198+02:00  INFO 6504 --- [eanservice] [main] o.f.c.i.s.JdbcTableSchemaHistory         : Creating Schema History table "PUBLIC"."flyway_schema_history" ...
2024-06-29T08:29:28.250+02:00  INFO 6504 --- [eanservice] [main] o.f.core.internal.command.DbMigrate      : Current version of schema "PUBLIC": << Empty Schema >>
2024-06-29T08:29:28.255+02:00  INFO 6504 --- [eanservice] [main] o.f.core.internal.command.DbMigrate      : Schema "PUBLIC" is up to date. No migration necessary.
2024-06-29T08:29:28.331+02:00  INFO 6504 --- [eanservice] [main] o.hibernate.jpa.internal.util.LogHelper  : HHH000204: Processing PersistenceUnitInfo [name: default]
2024-06-29T08:29:28.398+02:00  INFO 6504 --- [eanservice] [main] org.hibernate.Version                    : HHH000412: Hibernate ORM core version 7.0.0.Alpha3
2024-06-29T08:29:28.750+02:00  INFO 6504 --- [eanservice] [main] o.s.o.j.p.SpringPersistenceUnitInfo      : No LoadTimeWeaver setup: ignoring JPA class transformer
2024-06-29T08:29:29.003+02:00  WARN 6504 --- [eanservice] [main] org.hibernate.orm.deprecation            : HHH90000025: H2Dialect does not need to be specified explicitly using 'hibernate.dialect' (remove the property setting and it will be selected by default)
2024-06-29T08:29:30.009+02:00  INFO 6504 --- [eanservice] [main] o.h.e.t.j.p.i.JtaPlatformInitiator       : HHH000489: No JTA platform available (set 'hibernate.transaction.jta.platform' to enable JTA platform integration)
2024-06-29T08:29:30.048+02:00  INFO 6504 --- [eanservice] [main] j.LocalContainerEntityManagerFactoryBean : Initialized JPA EntityManagerFactory for persistence unit 'default'
2024-06-29T08:29:30.066+02:00  WARN 6504 --- [eanservice] [main] ConfigServletWebServerApplicationContext : Exception encountered during context initialization - cancelling refresh attempt: org.springframework.beans.factory.UnsatisfiedDependencyException: Error creating bean with name 'authController': Unsatisfied dependency expressed through field 'authenticationManager': No qualifying bean of type 'org.springframework.security.authentication.AuthenticationManager' available: expected at least 1 bean which qualifies as autowire candidate. Dependency annotations: {@org.springframework.beans.factory.annotation.Autowired(required=true)}
2024-06-29T08:29:30.067+02:00  INFO 6504 --- [eanservice] [main] j.LocalContainerEntityManagerFactoryBean : Closing JPA EntityManagerFactory for persistence unit 'default'
2024-06-29T08:29:30.070+02:00  INFO 6504 --- [eanservice] [main] com.zaxxer.hikari.HikariDataSource       : HikariPool-1 - Shutdown initiated...
2024-06-29T08:29:30.073+02:00  INFO 6504 --- [eanservice] [main] com.zaxxer.hikari.HikariDataSource       : HikariPool-1 - Shutdown completed.
2024-06-29T08:29:30.075+02:00  INFO 6504 --- [eanservice] [main] o.apache.catalina.core.StandardService   : Stopping service [Tomcat]
2024-06-29T08:29:30.089+02:00  INFO 6504 --- [eanservice] [main] .s.b.a.l.ConditionEvaluationReportLogger : 

Error starting ApplicationContext. To display the condition evaluation report re-run your application with 'debug' enabled.
2024-06-29T08:29:30.115+02:00 ERROR 6504 --- [eanservice] [main] o.s.b.d.LoggingFailureAnalysisReporter   : 

***************************
APPLICATION FAILED TO START
***************************

Description:

Field authenticationManager in com.mercadona.eanservice.controller.AuthController required a bean of type 'org.springframework.security.authentication.AuthenticationManager' that could not be found.

The injection point has the following annotations:
	- @org.springframework.beans.factory.annotation.Autowired(required=true)


Action:

Consider defining a bean of type 'org.springframework.security.authentication.AuthenticationManager' in your configuration.

2024-06-29T08:30:39.887+02:00  INFO 27372 --- [eanservice] [main] c.m.eanservice.EanserviceApplication     : Starting EanserviceApplication using Java 17.0.11 with PID 27372 (C:\Workspaces\Workspace VSC\prueba-tecnica-mercadona\eanservice\target\classes started by angel in C:\Workspaces\Workspace VSC\prueba-tecnica-mercadona)
2024-06-29T08:30:39.890+02:00 DEBUG 27372 --- [eanservice] [main] c.m.eanservice.EanserviceApplication     : Running with Spring Boot v3.3.1, Spring v6.1.10
2024-06-29T08:30:39.890+02:00  INFO 27372 --- [eanservice] [main] c.m.eanservice.EanserviceApplication     : No active profile set, falling back to 1 default profile: "default"
2024-06-29T08:30:40.610+02:00  INFO 27372 --- [eanservice] [main] .s.d.r.c.RepositoryConfigurationDelegate : Bootstrapping Spring Data JPA repositories in DEFAULT mode.
2024-06-29T08:30:40.664+02:00  INFO 27372 --- [eanservice] [main] .s.d.r.c.RepositoryConfigurationDelegate : Finished Spring Data repository scanning in 46 ms. Found 3 JPA repository interfaces.
2024-06-29T08:30:41.632+02:00  INFO 27372 --- [eanservice] [main] o.s.b.w.embedded.tomcat.TomcatWebServer  : Tomcat initialized with port 8080 (http)
2024-06-29T08:30:41.645+02:00  INFO 27372 --- [eanservice] [main] o.apache.catalina.core.StandardService   : Starting service [Tomcat]
2024-06-29T08:30:41.646+02:00  INFO 27372 --- [eanservice] [main] o.apache.catalina.core.StandardEngine    : Starting Servlet engine: [Apache Tomcat/10.1.25]
2024-06-29T08:30:41.731+02:00  INFO 27372 --- [eanservice] [main] o.a.c.c.C.[Tomcat].[localhost].[/]       : Initializing Spring embedded WebApplicationContext
2024-06-29T08:30:41.731+02:00  INFO 27372 --- [eanservice] [main] w.s.c.ServletWebServerApplicationContext : Root WebApplicationContext: initialization completed in 1776 ms
2024-06-29T08:30:41.770+02:00  INFO 27372 --- [eanservice] [main] com.zaxxer.hikari.HikariDataSource       : HikariPool-1 - Starting...
2024-06-29T08:30:41.958+02:00  INFO 27372 --- [eanservice] [main] com.zaxxer.hikari.pool.HikariPool        : HikariPool-1 - Added connection conn0: url=jdbc:h2:mem:testdb user=SA
2024-06-29T08:30:41.960+02:00  INFO 27372 --- [eanservice] [main] com.zaxxer.hikari.HikariDataSource       : HikariPool-1 - Start completed.
2024-06-29T08:30:41.973+02:00  INFO 27372 --- [eanservice] [main] o.s.b.a.h2.H2ConsoleAutoConfiguration    : H2 console available at '/h2-console'. Database available at 'jdbc:h2:mem:testdb'
2024-06-29T08:30:42.054+02:00 DEBUG 27372 --- [eanservice] [main] c.m.e.security.JwtAuthenticationFilter   : Filter 'jwtAuthenticationFilter' configured for use
2024-06-29T08:30:42.248+02:00  INFO 27372 --- [eanservice] [main] o.f.c.i.resource.ResourceNameValidator   : 1 SQL migrations were detected but not run because they did not follow the filename convention.
2024-06-29T08:30:42.249+02:00  INFO 27372 --- [eanservice] [main] o.f.c.i.resource.ResourceNameValidator   : Set 'validateMigrationNaming' to true to fail fast and see a list of the invalid file names.
2024-06-29T08:30:42.285+02:00  INFO 27372 --- [eanservice] [main] org.flywaydb.core.FlywayExecutor         : Database: jdbc:h2:mem:testdb (H2 2.2)
2024-06-29T08:30:42.307+02:00  INFO 27372 --- [eanservice] [main] o.f.c.i.s.JdbcTableSchemaHistory         : Schema history table "PUBLIC"."flyway_schema_history" does not exist yet
2024-06-29T08:30:42.309+02:00  INFO 27372 --- [eanservice] [main] o.f.core.internal.command.DbValidate     : Successfully validated 0 migrations (execution time 00:00.007s)
2024-06-29T08:30:42.309+02:00  WARN 27372 --- [eanservice] [main] o.f.core.internal.command.DbValidate     : No migrations found. Are your locations set up correctly?
2024-06-29T08:30:42.315+02:00  INFO 27372 --- [eanservice] [main] o.f.c.i.s.JdbcTableSchemaHistory         : Creating Schema History table "PUBLIC"."flyway_schema_history" ...
2024-06-29T08:30:42.369+02:00  INFO 27372 --- [eanservice] [main] o.f.core.internal.command.DbMigrate      : Current version of schema "PUBLIC": << Empty Schema >>
2024-06-29T08:30:42.373+02:00  INFO 27372 --- [eanservice] [main] o.f.core.internal.command.DbMigrate      : Schema "PUBLIC" is up to date. No migration necessary.
2024-06-29T08:30:42.447+02:00  INFO 27372 --- [eanservice] [main] o.hibernate.jpa.internal.util.LogHelper  : HHH000204: Processing PersistenceUnitInfo [name: default]
2024-06-29T08:30:42.510+02:00  INFO 27372 --- [eanservice] [main] org.hibernate.Version                    : HHH000412: Hibernate ORM core version 7.0.0.Alpha3
2024-06-29T08:30:42.872+02:00  INFO 27372 --- [eanservice] [main] o.s.o.j.p.SpringPersistenceUnitInfo      : No LoadTimeWeaver setup: ignoring JPA class transformer
2024-06-29T08:30:43.121+02:00  WARN 27372 --- [eanservice] [main] org.hibernate.orm.deprecation            : HHH90000025: H2Dialect does not need to be specified explicitly using 'hibernate.dialect' (remove the property setting and it will be selected by default)
2024-06-29T08:30:44.153+02:00  INFO 27372 --- [eanservice] [main] o.h.e.t.j.p.i.JtaPlatformInitiator       : HHH000489: No JTA platform available (set 'hibernate.transaction.jta.platform' to enable JTA platform integration)
2024-06-29T08:30:44.206+02:00  INFO 27372 --- [eanservice] [main] j.LocalContainerEntityManagerFactoryBean : Initialized JPA EntityManagerFactory for persistence unit 'default'
2024-06-29T08:30:44.222+02:00  WARN 27372 --- [eanservice] [main] ConfigServletWebServerApplicationContext : Exception encountered during context initialization - cancelling refresh attempt: org.springframework.beans.factory.UnsatisfiedDependencyException: Error creating bean with name 'authController': Unsatisfied dependency expressed through field 'authenticationManager': No qualifying bean of type 'org.springframework.security.authentication.AuthenticationManager' available: expected at least 1 bean which qualifies as autowire candidate. Dependency annotations: {@org.springframework.beans.factory.annotation.Autowired(required=true)}
2024-06-29T08:30:44.222+02:00  INFO 27372 --- [eanservice] [main] j.LocalContainerEntityManagerFactoryBean : Closing JPA EntityManagerFactory for persistence unit 'default'
2024-06-29T08:30:44.226+02:00  INFO 27372 --- [eanservice] [main] com.zaxxer.hikari.HikariDataSource       : HikariPool-1 - Shutdown initiated...
2024-06-29T08:30:44.230+02:00  INFO 27372 --- [eanservice] [main] com.zaxxer.hikari.HikariDataSource       : HikariPool-1 - Shutdown completed.
2024-06-29T08:30:44.232+02:00  INFO 27372 --- [eanservice] [main] o.apache.catalina.core.StandardService   : Stopping service [Tomcat]
2024-06-29T08:30:44.248+02:00  INFO 27372 --- [eanservice] [main] .s.b.a.l.ConditionEvaluationReportLogger : 

Error starting ApplicationContext. To display the condition evaluation report re-run your application with 'debug' enabled.
2024-06-29T08:30:44.275+02:00 ERROR 27372 --- [eanservice] [main] o.s.b.d.LoggingFailureAnalysisReporter   : 

***************************
APPLICATION FAILED TO START
***************************

Description:

Field authenticationManager in com.mercadona.eanservice.controller.AuthController required a bean of type 'org.springframework.security.authentication.AuthenticationManager' that could not be found.

The injection point has the following annotations:
	- @org.springframework.beans.factory.annotation.Autowired(required=true)


Action:

Consider defining a bean of type 'org.springframework.security.authentication.AuthenticationManager' in your configuration.

2024-06-29T08:37:09.745+02:00  INFO 27500 --- [eanservice] [main] c.m.eanservice.EanserviceApplication     : Starting EanserviceApplication using Java 17.0.11 with PID 27500 (C:\Workspaces\Workspace VSC\prueba-tecnica-mercadona\eanservice\target\classes started by angel in C:\Workspaces\Workspace VSC\prueba-tecnica-mercadona)
2024-06-29T08:37:09.747+02:00 DEBUG 27500 --- [eanservice] [main] c.m.eanservice.EanserviceApplication     : Running with Spring Boot v3.3.1, Spring v6.1.10
2024-06-29T08:37:09.748+02:00  INFO 27500 --- [eanservice] [main] c.m.eanservice.EanserviceApplication     : No active profile set, falling back to 1 default profile: "default"
2024-06-29T08:37:10.535+02:00  INFO 27500 --- [eanservice] [main] .s.d.r.c.RepositoryConfigurationDelegate : Bootstrapping Spring Data JPA repositories in DEFAULT mode.
2024-06-29T08:37:10.582+02:00  INFO 27500 --- [eanservice] [main] .s.d.r.c.RepositoryConfigurationDelegate : Finished Spring Data repository scanning in 38 ms. Found 3 JPA repository interfaces.
2024-06-29T08:37:11.870+02:00  INFO 27500 --- [eanservice] [main] o.s.b.w.embedded.tomcat.TomcatWebServer  : Tomcat initialized with port 8080 (http)
2024-06-29T08:37:11.885+02:00  INFO 27500 --- [eanservice] [main] o.apache.catalina.core.StandardService   : Starting service [Tomcat]
2024-06-29T08:37:11.886+02:00  INFO 27500 --- [eanservice] [main] o.apache.catalina.core.StandardEngine    : Starting Servlet engine: [Apache Tomcat/10.1.25]
2024-06-29T08:37:11.980+02:00  INFO 27500 --- [eanservice] [main] o.a.c.c.C.[Tomcat].[localhost].[/]       : Initializing Spring embedded WebApplicationContext
2024-06-29T08:37:11.981+02:00  INFO 27500 --- [eanservice] [main] w.s.c.ServletWebServerApplicationContext : Root WebApplicationContext: initialization completed in 2164 ms
2024-06-29T08:37:12.026+02:00  INFO 27500 --- [eanservice] [main] com.zaxxer.hikari.HikariDataSource       : HikariPool-1 - Starting...
2024-06-29T08:37:12.276+02:00  INFO 27500 --- [eanservice] [main] com.zaxxer.hikari.pool.HikariPool        : HikariPool-1 - Added connection conn0: url=jdbc:h2:mem:testdb user=SA
2024-06-29T08:37:12.279+02:00  INFO 27500 --- [eanservice] [main] com.zaxxer.hikari.HikariDataSource       : HikariPool-1 - Start completed.
2024-06-29T08:37:12.294+02:00  INFO 27500 --- [eanservice] [main] o.s.b.a.h2.H2ConsoleAutoConfiguration    : H2 console available at '/h2-console'. Database available at 'jdbc:h2:mem:testdb'
2024-06-29T08:37:12.441+02:00 DEBUG 27500 --- [eanservice] [main] c.m.e.security.JwtAuthenticationFilter   : Filter 'jwtAuthenticationFilter' configured for use
2024-06-29T08:37:12.653+02:00  INFO 27500 --- [eanservice] [main] o.f.c.i.resource.ResourceNameValidator   : 1 SQL migrations were detected but not run because they did not follow the filename convention.
2024-06-29T08:37:12.653+02:00  INFO 27500 --- [eanservice] [main] o.f.c.i.resource.ResourceNameValidator   : Set 'validateMigrationNaming' to true to fail fast and see a list of the invalid file names.
2024-06-29T08:37:12.694+02:00  INFO 27500 --- [eanservice] [main] org.flywaydb.core.FlywayExecutor         : Database: jdbc:h2:mem:testdb (H2 2.2)
2024-06-29T08:37:12.716+02:00  INFO 27500 --- [eanservice] [main] o.f.c.i.s.JdbcTableSchemaHistory         : Schema history table "PUBLIC"."flyway_schema_history" does not exist yet
2024-06-29T08:37:12.718+02:00  INFO 27500 --- [eanservice] [main] o.f.core.internal.command.DbValidate     : Successfully validated 0 migrations (execution time 00:00.007s)
2024-06-29T08:37:12.719+02:00  WARN 27500 --- [eanservice] [main] o.f.core.internal.command.DbValidate     : No migrations found. Are your locations set up correctly?
2024-06-29T08:37:12.731+02:00  INFO 27500 --- [eanservice] [main] o.f.c.i.s.JdbcTableSchemaHistory         : Creating Schema History table "PUBLIC"."flyway_schema_history" ...
2024-06-29T08:37:12.784+02:00  INFO 27500 --- [eanservice] [main] o.f.core.internal.command.DbMigrate      : Current version of schema "PUBLIC": << Empty Schema >>
2024-06-29T08:37:12.789+02:00  INFO 27500 --- [eanservice] [main] o.f.core.internal.command.DbMigrate      : Schema "PUBLIC" is up to date. No migration necessary.
2024-06-29T08:37:12.868+02:00  INFO 27500 --- [eanservice] [main] o.hibernate.jpa.internal.util.LogHelper  : HHH000204: Processing PersistenceUnitInfo [name: default]
2024-06-29T08:37:12.944+02:00  INFO 27500 --- [eanservice] [main] org.hibernate.Version                    : HHH000412: Hibernate ORM core version 7.0.0.Alpha3
2024-06-29T08:37:13.339+02:00  INFO 27500 --- [eanservice] [main] o.s.o.j.p.SpringPersistenceUnitInfo      : No LoadTimeWeaver setup: ignoring JPA class transformer
2024-06-29T08:37:13.658+02:00  WARN 27500 --- [eanservice] [main] org.hibernate.orm.deprecation            : HHH90000025: H2Dialect does not need to be specified explicitly using 'hibernate.dialect' (remove the property setting and it will be selected by default)
2024-06-29T08:37:14.803+02:00  INFO 27500 --- [eanservice] [main] o.h.e.t.j.p.i.JtaPlatformInitiator       : HHH000489: No JTA platform available (set 'hibernate.transaction.jta.platform' to enable JTA platform integration)
2024-06-29T08:37:14.860+02:00  INFO 27500 --- [eanservice] [main] j.LocalContainerEntityManagerFactoryBean : Initialized JPA EntityManagerFactory for persistence unit 'default'
2024-06-29T08:37:14.881+02:00  WARN 27500 --- [eanservice] [main] r$InitializeUserDetailsManagerConfigurer : Global AuthenticationManager configured with an AuthenticationProvider bean. UserDetailsService beans will not be used for username/password login. Consider removing the AuthenticationProvider bean. Alternatively, consider using the UserDetailsService in a manually instantiated DaoAuthenticationProvider.
2024-06-29T08:37:15.506+02:00  WARN 27500 --- [eanservice] [main] JpaBaseConfiguration$JpaWebConfiguration : spring.jpa.open-in-view is enabled by default. Therefore, database queries may be performed during view rendering. Explicitly configure spring.jpa.open-in-view to disable this warning
2024-06-29T08:37:15.831+02:00 DEBUG 27500 --- [eanservice] [main] o.s.s.web.DefaultSecurityFilterChain     : Will secure any request with filters: DisableEncodeUrlFilter, WebAsyncManagerIntegrationFilter, SecurityContextHolderFilter, HeaderWriterFilter, CorsFilter, LogoutFilter, JwtAuthenticationFilter, RequestCacheAwareFilter, SecurityContextHolderAwareRequestFilter, AnonymousAuthenticationFilter, SessionManagementFilter, ExceptionTranslationFilter, AuthorizationFilter
2024-06-29T08:37:16.163+02:00  INFO 27500 --- [eanservice] [main] o.s.b.w.embedded.tomcat.TomcatWebServer  : Tomcat started on port 8080 (http) with context path '/'
2024-06-29T08:37:16.175+02:00  INFO 27500 --- [eanservice] [main] c.m.eanservice.EanserviceApplication     : Started EanserviceApplication in 6.906 seconds (process running for 7.438)
2024-06-29T08:37:22.858+02:00  INFO 27500 --- [eanservice] [http-nio-8080-exec-1] o.a.c.c.C.[Tomcat].[localhost].[/]       : Initializing Spring DispatcherServlet 'dispatcherServlet'
2024-06-29T08:37:22.858+02:00  INFO 27500 --- [eanservice] [http-nio-8080-exec-1] o.s.web.servlet.DispatcherServlet        : Initializing Servlet 'dispatcherServlet'
2024-06-29T08:37:22.860+02:00  INFO 27500 --- [eanservice] [http-nio-8080-exec-1] o.s.web.servlet.DispatcherServlet        : Completed initialization in 1 ms
2024-06-29T08:37:22.886+02:00 DEBUG 27500 --- [eanservice] [http-nio-8080-exec-1] o.s.security.web.FilterChainProxy        : Securing POST /api/auth/login
2024-06-29T08:37:22.895+02:00 DEBUG 27500 --- [eanservice] [http-nio-8080-exec-1] o.s.s.w.a.AnonymousAuthenticationFilter  : Set SecurityContextHolder to anonymous SecurityContext
2024-06-29T08:37:22.899+02:00 DEBUG 27500 --- [eanservice] [http-nio-8080-exec-1] o.s.security.web.FilterChainProxy        : Secured POST /api/auth/login
2024-06-29T08:37:23.169+02:00 DEBUG 27500 --- [eanservice] [http-nio-8080-exec-1] o.s.s.a.dao.DaoAuthenticationProvider    : Authenticated user
2024-06-29T08:38:03.319+02:00  INFO 22040 --- [eanservice] [main] c.m.eanservice.EanserviceApplication     : Starting EanserviceApplication using Java 17.0.11 with PID 22040 (C:\Workspaces\Workspace VSC\prueba-tecnica-mercadona\eanservice\target\classes started by angel in C:\Workspaces\Workspace VSC\prueba-tecnica-mercadona)
2024-06-29T08:38:03.322+02:00 DEBUG 22040 --- [eanservice] [main] c.m.eanservice.EanserviceApplication     : Running with Spring Boot v3.3.1, Spring v6.1.10
2024-06-29T08:38:03.323+02:00  INFO 22040 --- [eanservice] [main] c.m.eanservice.EanserviceApplication     : No active profile set, falling back to 1 default profile: "default"
2024-06-29T08:38:04.106+02:00  INFO 22040 --- [eanservice] [main] .s.d.r.c.RepositoryConfigurationDelegate : Bootstrapping Spring Data JPA repositories in DEFAULT mode.
2024-06-29T08:38:04.161+02:00  INFO 22040 --- [eanservice] [main] .s.d.r.c.RepositoryConfigurationDelegate : Finished Spring Data repository scanning in 45 ms. Found 3 JPA repository interfaces.
2024-06-29T08:38:05.120+02:00  INFO 22040 --- [eanservice] [main] o.s.b.w.embedded.tomcat.TomcatWebServer  : Tomcat initialized with port 8080 (http)
2024-06-29T08:38:05.134+02:00  INFO 22040 --- [eanservice] [main] o.apache.catalina.core.StandardService   : Starting service [Tomcat]
2024-06-29T08:38:05.134+02:00  INFO 22040 --- [eanservice] [main] o.apache.catalina.core.StandardEngine    : Starting Servlet engine: [Apache Tomcat/10.1.25]
2024-06-29T08:38:05.212+02:00  INFO 22040 --- [eanservice] [main] o.a.c.c.C.[Tomcat].[localhost].[/]       : Initializing Spring embedded WebApplicationContext
2024-06-29T08:38:05.212+02:00  INFO 22040 --- [eanservice] [main] w.s.c.ServletWebServerApplicationContext : Root WebApplicationContext: initialization completed in 1822 ms
2024-06-29T08:38:05.250+02:00  INFO 22040 --- [eanservice] [main] com.zaxxer.hikari.HikariDataSource       : HikariPool-1 - Starting...
2024-06-29T08:38:05.424+02:00  INFO 22040 --- [eanservice] [main] com.zaxxer.hikari.pool.HikariPool        : HikariPool-1 - Added connection conn0: url=jdbc:h2:mem:testdb user=SA
2024-06-29T08:38:05.426+02:00  INFO 22040 --- [eanservice] [main] com.zaxxer.hikari.HikariDataSource       : HikariPool-1 - Start completed.
2024-06-29T08:38:05.436+02:00  INFO 22040 --- [eanservice] [main] o.s.b.a.h2.H2ConsoleAutoConfiguration    : H2 console available at '/h2-console'. Database available at 'jdbc:h2:mem:testdb'
2024-06-29T08:38:05.527+02:00 DEBUG 22040 --- [eanservice] [main] c.m.e.security.JwtAuthenticationFilter   : Filter 'jwtAuthenticationFilter' configured for use
2024-06-29T08:38:05.732+02:00  INFO 22040 --- [eanservice] [main] o.f.c.i.resource.ResourceNameValidator   : 1 SQL migrations were detected but not run because they did not follow the filename convention.
2024-06-29T08:38:05.732+02:00  INFO 22040 --- [eanservice] [main] o.f.c.i.resource.ResourceNameValidator   : Set 'validateMigrationNaming' to true to fail fast and see a list of the invalid file names.
2024-06-29T08:38:05.771+02:00  INFO 22040 --- [eanservice] [main] org.flywaydb.core.FlywayExecutor         : Database: jdbc:h2:mem:testdb (H2 2.2)
2024-06-29T08:38:05.793+02:00  INFO 22040 --- [eanservice] [main] o.f.c.i.s.JdbcTableSchemaHistory         : Schema history table "PUBLIC"."flyway_schema_history" does not exist yet
2024-06-29T08:38:05.796+02:00  INFO 22040 --- [eanservice] [main] o.f.core.internal.command.DbValidate     : Successfully validated 0 migrations (execution time 00:00.008s)
2024-06-29T08:38:05.796+02:00  WARN 22040 --- [eanservice] [main] o.f.core.internal.command.DbValidate     : No migrations found. Are your locations set up correctly?
2024-06-29T08:38:05.805+02:00  INFO 22040 --- [eanservice] [main] o.f.c.i.s.JdbcTableSchemaHistory         : Creating Schema History table "PUBLIC"."flyway_schema_history" ...
2024-06-29T08:38:05.853+02:00  INFO 22040 --- [eanservice] [main] o.f.core.internal.command.DbMigrate      : Current version of schema "PUBLIC": << Empty Schema >>
2024-06-29T08:38:05.857+02:00  INFO 22040 --- [eanservice] [main] o.f.core.internal.command.DbMigrate      : Schema "PUBLIC" is up to date. No migration necessary.
2024-06-29T08:38:05.927+02:00  INFO 22040 --- [eanservice] [main] o.hibernate.jpa.internal.util.LogHelper  : HHH000204: Processing PersistenceUnitInfo [name: default]
2024-06-29T08:38:06.001+02:00  INFO 22040 --- [eanservice] [main] org.hibernate.Version                    : HHH000412: Hibernate ORM core version 7.0.0.Alpha3
2024-06-29T08:38:06.327+02:00  INFO 22040 --- [eanservice] [main] o.s.o.j.p.SpringPersistenceUnitInfo      : No LoadTimeWeaver setup: ignoring JPA class transformer
2024-06-29T08:38:06.582+02:00  WARN 22040 --- [eanservice] [main] org.hibernate.orm.deprecation            : HHH90000025: H2Dialect does not need to be specified explicitly using 'hibernate.dialect' (remove the property setting and it will be selected by default)
2024-06-29T08:38:07.534+02:00  INFO 22040 --- [eanservice] [main] o.h.e.t.j.p.i.JtaPlatformInitiator       : HHH000489: No JTA platform available (set 'hibernate.transaction.jta.platform' to enable JTA platform integration)
2024-06-29T08:38:07.586+02:00  INFO 22040 --- [eanservice] [main] j.LocalContainerEntityManagerFactoryBean : Initialized JPA EntityManagerFactory for persistence unit 'default'
2024-06-29T08:38:07.621+02:00  WARN 22040 --- [eanservice] [main] r$InitializeUserDetailsManagerConfigurer : Found 2 UserDetailsService beans, with names [userServiceImpl, userDetailsService]. Global Authentication Manager will not use a UserDetailsService for username/password login. Consider publishing a single UserDetailsService bean.
2024-06-29T08:38:07.622+02:00 DEBUG 22040 --- [eanservice] [main] swordEncoderAuthenticationManagerBuilder : No authenticationProviders and no parentAuthenticationManager defined. Returning null.
2024-06-29T08:38:08.129+02:00  WARN 22040 --- [eanservice] [main] JpaBaseConfiguration$JpaWebConfiguration : spring.jpa.open-in-view is enabled by default. Therefore, database queries may be performed during view rendering. Explicitly configure spring.jpa.open-in-view to disable this warning
2024-06-29T08:38:08.404+02:00 DEBUG 22040 --- [eanservice] [main] o.s.s.web.DefaultSecurityFilterChain     : Will secure any request with filters: DisableEncodeUrlFilter, WebAsyncManagerIntegrationFilter, SecurityContextHolderFilter, HeaderWriterFilter, CorsFilter, LogoutFilter, JwtAuthenticationFilter, RequestCacheAwareFilter, SecurityContextHolderAwareRequestFilter, AnonymousAuthenticationFilter, SessionManagementFilter, ExceptionTranslationFilter, AuthorizationFilter
2024-06-29T08:38:08.765+02:00  INFO 22040 --- [eanservice] [main] o.s.b.w.embedded.tomcat.TomcatWebServer  : Tomcat started on port 8080 (http) with context path '/'
2024-06-29T08:38:08.774+02:00  INFO 22040 --- [eanservice] [main] c.m.eanservice.EanserviceApplication     : Started EanserviceApplication in 5.916 seconds (process running for 6.422)
2024-06-29T08:38:11.658+02:00  INFO 22040 --- [eanservice] [http-nio-8080-exec-2] o.a.c.c.C.[Tomcat].[localhost].[/]       : Initializing Spring DispatcherServlet 'dispatcherServlet'
2024-06-29T08:38:11.659+02:00  INFO 22040 --- [eanservice] [http-nio-8080-exec-2] o.s.web.servlet.DispatcherServlet        : Initializing Servlet 'dispatcherServlet'
2024-06-29T08:38:11.660+02:00  INFO 22040 --- [eanservice] [http-nio-8080-exec-2] o.s.web.servlet.DispatcherServlet        : Completed initialization in 1 ms
2024-06-29T08:38:11.676+02:00 DEBUG 22040 --- [eanservice] [http-nio-8080-exec-2] o.s.security.web.FilterChainProxy        : Securing POST /api/auth/login
2024-06-29T08:38:11.684+02:00 DEBUG 22040 --- [eanservice] [http-nio-8080-exec-2] o.s.s.w.a.AnonymousAuthenticationFilter  : Set SecurityContextHolder to anonymous SecurityContext
2024-06-29T08:38:11.687+02:00 DEBUG 22040 --- [eanservice] [http-nio-8080-exec-2] o.s.security.web.FilterChainProxy        : Secured POST /api/auth/login
2024-06-29T08:38:13.236+02:00 DEBUG 22040 --- [eanservice] [http-nio-8080-exec-4] o.s.security.web.FilterChainProxy        : Securing POST /api/auth/login
2024-06-29T08:38:13.236+02:00 DEBUG 22040 --- [eanservice] [http-nio-8080-exec-4] o.s.s.w.a.AnonymousAuthenticationFilter  : Set SecurityContextHolder to anonymous SecurityContext
2024-06-29T08:38:13.237+02:00 DEBUG 22040 --- [eanservice] [http-nio-8080-exec-4] o.s.security.web.FilterChainProxy        : Secured POST /api/auth/login
2024-06-29T08:38:21.809+02:00  INFO 18340 --- [eanservice] [main] c.m.eanservice.EanserviceApplication     : Starting EanserviceApplication using Java 17.0.11 with PID 18340 (C:\Workspaces\Workspace VSC\prueba-tecnica-mercadona\eanservice\target\classes started by angel in C:\Workspaces\Workspace VSC\prueba-tecnica-mercadona)
2024-06-29T08:38:21.811+02:00 DEBUG 18340 --- [eanservice] [main] c.m.eanservice.EanserviceApplication     : Running with Spring Boot v3.3.1, Spring v6.1.10
2024-06-29T08:38:21.812+02:00  INFO 18340 --- [eanservice] [main] c.m.eanservice.EanserviceApplication     : No active profile set, falling back to 1 default profile: "default"
2024-06-29T08:38:22.549+02:00  INFO 18340 --- [eanservice] [main] .s.d.r.c.RepositoryConfigurationDelegate : Bootstrapping Spring Data JPA repositories in DEFAULT mode.
2024-06-29T08:38:22.605+02:00  INFO 18340 --- [eanservice] [main] .s.d.r.c.RepositoryConfigurationDelegate : Finished Spring Data repository scanning in 46 ms. Found 3 JPA repository interfaces.
2024-06-29T08:38:23.723+02:00  INFO 18340 --- [eanservice] [main] o.s.b.w.embedded.tomcat.TomcatWebServer  : Tomcat initialized with port 8080 (http)
2024-06-29T08:38:23.737+02:00  INFO 18340 --- [eanservice] [main] o.apache.catalina.core.StandardService   : Starting service [Tomcat]
2024-06-29T08:38:23.738+02:00  INFO 18340 --- [eanservice] [main] o.apache.catalina.core.StandardEngine    : Starting Servlet engine: [Apache Tomcat/10.1.25]
2024-06-29T08:38:23.862+02:00  INFO 18340 --- [eanservice] [main] o.a.c.c.C.[Tomcat].[localhost].[/]       : Initializing Spring embedded WebApplicationContext
2024-06-29T08:38:23.863+02:00  INFO 18340 --- [eanservice] [main] w.s.c.ServletWebServerApplicationContext : Root WebApplicationContext: initialization completed in 1991 ms
2024-06-29T08:38:23.907+02:00  INFO 18340 --- [eanservice] [main] com.zaxxer.hikari.HikariDataSource       : HikariPool-1 - Starting...
2024-06-29T08:38:24.101+02:00  INFO 18340 --- [eanservice] [main] com.zaxxer.hikari.pool.HikariPool        : HikariPool-1 - Added connection conn0: url=jdbc:h2:mem:testdb user=SA
2024-06-29T08:38:24.103+02:00  INFO 18340 --- [eanservice] [main] com.zaxxer.hikari.HikariDataSource       : HikariPool-1 - Start completed.
2024-06-29T08:38:24.112+02:00  INFO 18340 --- [eanservice] [main] o.s.b.a.h2.H2ConsoleAutoConfiguration    : H2 console available at '/h2-console'. Database available at 'jdbc:h2:mem:testdb'
2024-06-29T08:38:24.234+02:00 DEBUG 18340 --- [eanservice] [main] c.m.e.security.JwtAuthenticationFilter   : Filter 'jwtAuthenticationFilter' configured for use
2024-06-29T08:38:24.432+02:00  INFO 18340 --- [eanservice] [main] o.f.c.i.resource.ResourceNameValidator   : 1 SQL migrations were detected but not run because they did not follow the filename convention.
2024-06-29T08:38:24.432+02:00  INFO 18340 --- [eanservice] [main] o.f.c.i.resource.ResourceNameValidator   : Set 'validateMigrationNaming' to true to fail fast and see a list of the invalid file names.
2024-06-29T08:38:24.472+02:00  INFO 18340 --- [eanservice] [main] org.flywaydb.core.FlywayExecutor         : Database: jdbc:h2:mem:testdb (H2 2.2)
2024-06-29T08:38:24.494+02:00  INFO 18340 --- [eanservice] [main] o.f.c.i.s.JdbcTableSchemaHistory         : Schema history table "PUBLIC"."flyway_schema_history" does not exist yet
2024-06-29T08:38:24.497+02:00  INFO 18340 --- [eanservice] [main] o.f.core.internal.command.DbValidate     : Successfully validated 0 migrations (execution time 00:00.007s)
2024-06-29T08:38:24.497+02:00  WARN 18340 --- [eanservice] [main] o.f.core.internal.command.DbValidate     : No migrations found. Are your locations set up correctly?
2024-06-29T08:38:24.506+02:00  INFO 18340 --- [eanservice] [main] o.f.c.i.s.JdbcTableSchemaHistory         : Creating Schema History table "PUBLIC"."flyway_schema_history" ...
2024-06-29T08:38:24.551+02:00  INFO 18340 --- [eanservice] [main] o.f.core.internal.command.DbMigrate      : Current version of schema "PUBLIC": << Empty Schema >>
2024-06-29T08:38:24.554+02:00  INFO 18340 --- [eanservice] [main] o.f.core.internal.command.DbMigrate      : Schema "PUBLIC" is up to date. No migration necessary.
2024-06-29T08:38:24.619+02:00  INFO 18340 --- [eanservice] [main] o.hibernate.jpa.internal.util.LogHelper  : HHH000204: Processing PersistenceUnitInfo [name: default]
2024-06-29T08:38:24.688+02:00  INFO 18340 --- [eanservice] [main] org.hibernate.Version                    : HHH000412: Hibernate ORM core version 7.0.0.Alpha3
2024-06-29T08:38:25.052+02:00  INFO 18340 --- [eanservice] [main] o.s.o.j.p.SpringPersistenceUnitInfo      : No LoadTimeWeaver setup: ignoring JPA class transformer
2024-06-29T08:38:25.338+02:00  WARN 18340 --- [eanservice] [main] org.hibernate.orm.deprecation            : HHH90000025: H2Dialect does not need to be specified explicitly using 'hibernate.dialect' (remove the property setting and it will be selected by default)
2024-06-29T08:38:26.480+02:00  INFO 18340 --- [eanservice] [main] o.h.e.t.j.p.i.JtaPlatformInitiator       : HHH000489: No JTA platform available (set 'hibernate.transaction.jta.platform' to enable JTA platform integration)
2024-06-29T08:38:26.526+02:00  INFO 18340 --- [eanservice] [main] j.LocalContainerEntityManagerFactoryBean : Initialized JPA EntityManagerFactory for persistence unit 'default'
2024-06-29T08:38:26.546+02:00  WARN 18340 --- [eanservice] [main] r$InitializeUserDetailsManagerConfigurer : Global AuthenticationManager configured with an AuthenticationProvider bean. UserDetailsService beans will not be used for username/password login. Consider removing the AuthenticationProvider bean. Alternatively, consider using the UserDetailsService in a manually instantiated DaoAuthenticationProvider.
2024-06-29T08:38:27.046+02:00  WARN 18340 --- [eanservice] [main] JpaBaseConfiguration$JpaWebConfiguration : spring.jpa.open-in-view is enabled by default. Therefore, database queries may be performed during view rendering. Explicitly configure spring.jpa.open-in-view to disable this warning
2024-06-29T08:38:27.335+02:00 DEBUG 18340 --- [eanservice] [main] o.s.s.web.DefaultSecurityFilterChain     : Will secure any request with filters: DisableEncodeUrlFilter, WebAsyncManagerIntegrationFilter, SecurityContextHolderFilter, HeaderWriterFilter, CorsFilter, LogoutFilter, JwtAuthenticationFilter, RequestCacheAwareFilter, SecurityContextHolderAwareRequestFilter, AnonymousAuthenticationFilter, SessionManagementFilter, ExceptionTranslationFilter, AuthorizationFilter
2024-06-29T08:38:27.658+02:00  INFO 18340 --- [eanservice] [main] o.s.b.w.embedded.tomcat.TomcatWebServer  : Tomcat started on port 8080 (http) with context path '/'
2024-06-29T08:38:27.671+02:00  INFO 18340 --- [eanservice] [main] c.m.eanservice.EanserviceApplication     : Started EanserviceApplication in 6.354 seconds (process running for 6.919)
2024-06-29T08:38:32.840+02:00  INFO 18340 --- [eanservice] [http-nio-8080-exec-2] o.a.c.c.C.[Tomcat].[localhost].[/]       : Initializing Spring DispatcherServlet 'dispatcherServlet'
2024-06-29T08:38:32.841+02:00  INFO 18340 --- [eanservice] [http-nio-8080-exec-2] o.s.web.servlet.DispatcherServlet        : Initializing Servlet 'dispatcherServlet'
2024-06-29T08:38:32.842+02:00  INFO 18340 --- [eanservice] [http-nio-8080-exec-2] o.s.web.servlet.DispatcherServlet        : Completed initialization in 1 ms
2024-06-29T08:38:32.868+02:00 DEBUG 18340 --- [eanservice] [http-nio-8080-exec-2] o.s.security.web.FilterChainProxy        : Securing POST /api/auth/login
2024-06-29T08:38:32.878+02:00 DEBUG 18340 --- [eanservice] [http-nio-8080-exec-2] o.s.s.w.a.AnonymousAuthenticationFilter  : Set SecurityContextHolder to anonymous SecurityContext
2024-06-29T08:38:32.882+02:00 DEBUG 18340 --- [eanservice] [http-nio-8080-exec-2] o.s.security.web.FilterChainProxy        : Secured POST /api/auth/login
2024-06-29T08:38:33.174+02:00 DEBUG 18340 --- [eanservice] [http-nio-8080-exec-2] o.s.s.a.dao.DaoAuthenticationProvider    : Authenticated user
